[0.127s] Invoking command in '/home/tudor/Desktop/fyp/build/fyp_models': CMAKE_PREFIX_PATH=${CMAKE_PREFIX_PATH}:/home/tudor/Desktop/fyp/install/fyp_autonomous_car:/opt/ros/humble /usr/bin/cmake --build /home/tudor/Desktop/fyp/build/fyp_models -- -j8 -l8
[0.147s] Invoked command in '/home/tudor/Desktop/fyp/build/fyp_models' returned '0': CMAKE_PREFIX_PATH=${CMAKE_PREFIX_PATH}:/home/tudor/Desktop/fyp/install/fyp_autonomous_car:/opt/ros/humble /usr/bin/cmake --build /home/tudor/Desktop/fyp/build/fyp_models -- -j8 -l8
[0.153s] Invoking command in '/home/tudor/Desktop/fyp/build/fyp_models': CMAKE_PREFIX_PATH=${CMAKE_PREFIX_PATH}:/home/tudor/Desktop/fyp/install/fyp_autonomous_car:/opt/ros/humble /usr/bin/cmake --install /home/tudor/Desktop/fyp/build/fyp_models
[0.157s] -- Install configuration: ""
[0.157s] -- Up-to-date: /home/tudor/Desktop/fyp/install/fyp_models/share/fyp_models/models
[0.157s] -- Up-to-date: /home/tudor/Desktop/fyp/install/fyp_models/share/fyp_models/models/trafficSign
[0.157s] -- Up-to-date: /home/tudor/Desktop/fyp/install/fyp_models/share/fyp_models/models/trafficSign/model.sdf
[0.157s] -- Up-to-date: /home/tudor/Desktop/fyp/install/fyp_models/share/fyp_models/models/trafficSign/materials
[0.157s] -- Up-to-date: /home/tudor/Desktop/fyp/install/fyp_models/share/fyp_models/models/trafficSign/materials/._.DS_Store
[0.157s] -- Up-to-date: /home/tudor/Desktop/fyp/install/fyp_models/share/fyp_models/models/trafficSign/materials/textures
[0.157s] -- Up-to-date: /home/tudor/Desktop/fyp/install/fyp_models/share/fyp_models/models/trafficSign/materials/textures/._speed_limit.png
[0.157s] -- Up-to-date: /home/tudor/Desktop/fyp/install/fyp_models/share/fyp_models/models/trafficSign/materials/textures/speed_limit.png
[0.157s] -- Up-to-date: /home/tudor/Desktop/fyp/install/fyp_models/share/fyp_models/models/trafficSign/materials/scripts
[0.157s] -- Up-to-date: /home/tudor/Desktop/fyp/install/fyp_models/share/fyp_models/models/trafficSign/materials/scripts/trafficSign.material
[0.158s] -- Up-to-date: /home/tudor/Desktop/fyp/install/fyp_models/share/fyp_models/models/trafficSign/meshes
[0.158s] -- Up-to-date: /home/tudor/Desktop/fyp/install/fyp_models/share/fyp_models/models/trafficSign/meshes/stand.obj
[0.158s] -- Up-to-date: /home/tudor/Desktop/fyp/install/fyp_models/share/fyp_models/models/trafficSign/meshes/sign.obj
[0.158s] -- Up-to-date: /home/tudor/Desktop/fyp/install/fyp_models/share/fyp_models/models/trafficSign/._.DS_Store
[0.158s] -- Up-to-date: /home/tudor/Desktop/fyp/install/fyp_models/share/fyp_models/models/trafficSign/model.config
[0.158s] -- Up-to-date: /home/tudor/Desktop/fyp/install/fyp_models/share/fyp_models/models/stopSign
[0.158s] -- Up-to-date: /home/tudor/Desktop/fyp/install/fyp_models/share/fyp_models/models/stopSign/model.sdf
[0.158s] -- Up-to-date: /home/tudor/Desktop/fyp/install/fyp_models/share/fyp_models/models/stopSign/materials
[0.158s] -- Up-to-date: /home/tudor/Desktop/fyp/install/fyp_models/share/fyp_models/models/stopSign/materials/._.DS_Store
[0.159s] -- Up-to-date: /home/tudor/Desktop/fyp/install/fyp_models/share/fyp_models/models/stopSign/materials/textures
[0.159s] -- Up-to-date: /home/tudor/Desktop/fyp/install/fyp_models/share/fyp_models/models/stopSign/materials/textures/._stop.png
[0.159s] -- Up-to-date: /home/tudor/Desktop/fyp/install/fyp_models/share/fyp_models/models/stopSign/materials/textures/stop.png
[0.159s] -- Up-to-date: /home/tudor/Desktop/fyp/install/fyp_models/share/fyp_models/models/stopSign/materials/scripts
[0.159s] -- Up-to-date: /home/tudor/Desktop/fyp/install/fyp_models/share/fyp_models/models/stopSign/materials/scripts/stopSign.material
[0.159s] -- Up-to-date: /home/tudor/Desktop/fyp/install/fyp_models/share/fyp_models/models/stopSign/._.DS_Store
[0.159s] -- Up-to-date: /home/tudor/Desktop/fyp/install/fyp_models/share/fyp_models/models/stopSign/model.config
[0.159s] -- Up-to-date: /home/tudor/Desktop/fyp/install/fyp_models/share/fyp_models/models/priusHybrid
[0.159s] -- Up-to-date: /home/tudor/Desktop/fyp/install/fyp_models/share/fyp_models/models/priusHybrid/model.sdf
[0.159s] -- Up-to-date: /home/tudor/Desktop/fyp/install/fyp_models/share/fyp_models/models/priusHybrid/materials
[0.159s] -- Up-to-date: /home/tudor/Desktop/fyp/install/fyp_models/share/fyp_models/models/priusHybrid/materials/textures
[0.159s] -- Up-to-date: /home/tudor/Desktop/fyp/install/fyp_models/share/fyp_models/models/priusHybrid/materials/textures/Wheels3.png
[0.159s] -- Up-to-date: /home/tudor/Desktop/fyp/install/fyp_models/share/fyp_models/models/priusHybrid/materials/textures/Hybrid.png
[0.159s] -- Up-to-date: /home/tudor/Desktop/fyp/install/fyp_models/share/fyp_models/models/priusHybrid/materials/textures/Hybrid_Interior.png
[0.159s] -- Up-to-date: /home/tudor/Desktop/fyp/install/fyp_models/share/fyp_models/models/priusHybrid/meshes
[0.159s] -- Up-to-date: /home/tudor/Desktop/fyp/install/fyp_models/share/fyp_models/models/priusHybrid/meshes/Hybrid.mtl
[0.159s] -- Up-to-date: /home/tudor/Desktop/fyp/install/fyp_models/share/fyp_models/models/priusHybrid/meshes/Hybrid.obj
[0.159s] -- Up-to-date: /home/tudor/Desktop/fyp/install/fyp_models/share/fyp_models/models/priusHybrid/model.config
[0.160s] -- Up-to-date: /home/tudor/Desktop/fyp/install/fyp_models/share/fyp_models/models/traffic_light
[0.160s] -- Up-to-date: /home/tudor/Desktop/fyp/install/fyp_models/share/fyp_models/models/traffic_light/model.sdf
[0.160s] -- Up-to-date: /home/tudor/Desktop/fyp/install/fyp_models/share/fyp_models/models/traffic_light/model.config
[0.160s] -- Up-to-date: /home/tudor/Desktop/fyp/install/fyp_models/share/fyp_models/models/trafficLight
[0.160s] -- Up-to-date: /home/tudor/Desktop/fyp/install/fyp_models/share/fyp_models/models/trafficLight/model.sdf
[0.160s] -- Up-to-date: /home/tudor/Desktop/fyp/install/fyp_models/share/fyp_models/models/trafficLight/model.config
[0.161s] -- Up-to-date: /home/tudor/Desktop/fyp/install/fyp_models/share/fyp_models/models/speed_limit_20.png
[0.162s] -- Up-to-date: /home/tudor/Desktop/fyp/install/fyp_models/share/fyp_models/models/._stop.png
[0.162s] -- Up-to-date: /home/tudor/Desktop/fyp/install/fyp_models/share/fyp_models/models/red-light
[0.162s] -- Up-to-date: /home/tudor/Desktop/fyp/install/fyp_models/share/fyp_models/models/red-light/model.sdf
[0.163s] -- Up-to-date: /home/tudor/Desktop/fyp/install/fyp_models/share/fyp_models/models/red-light/model.config
[0.163s] -- Up-to-date: /home/tudor/Desktop/fyp/install/fyp_models/share/fyp_models/models/RoadV2
[0.163s] -- Up-to-date: /home/tudor/Desktop/fyp/install/fyp_models/share/fyp_models/models/RoadV2/model.sdf
[0.163s] -- Up-to-date: /home/tudor/Desktop/fyp/install/fyp_models/share/fyp_models/models/RoadV2/materials
[0.163s] -- Up-to-date: /home/tudor/Desktop/fyp/install/fyp_models/share/fyp_models/models/RoadV2/materials/textures
[0.164s] -- Up-to-date: /home/tudor/Desktop/fyp/install/fyp_models/share/fyp_models/models/RoadV2/materials/textures/roadDesign.png
[0.164s] -- Up-to-date: /home/tudor/Desktop/fyp/install/fyp_models/share/fyp_models/models/RoadV2/materials/textures/._roadDesign.png
[0.164s] -- Up-to-date: /home/tudor/Desktop/fyp/install/fyp_models/share/fyp_models/models/RoadV2/materials/scripts
[0.164s] -- Up-to-date: /home/tudor/Desktop/fyp/install/fyp_models/share/fyp_models/models/RoadV2/materials/scripts/road.material
[0.164s] -- Up-to-date: /home/tudor/Desktop/fyp/install/fyp_models/share/fyp_models/models/RoadV2/meshes
[0.164s] -- Up-to-date: /home/tudor/Desktop/fyp/install/fyp_models/share/fyp_models/models/RoadV2/meshes/RoadExterior.dae
[0.165s] -- Up-to-date: /home/tudor/Desktop/fyp/install/fyp_models/share/fyp_models/models/RoadV2/meshes/RoadLane1.dae
[0.165s] -- Up-to-date: /home/tudor/Desktop/fyp/install/fyp_models/share/fyp_models/models/RoadV2/meshes/RoadLane2.dae
[0.165s] -- Up-to-date: /home/tudor/Desktop/fyp/install/fyp_models/share/fyp_models/models/RoadV2/meshes/RoadLane3.dae
[0.165s] -- Up-to-date: /home/tudor/Desktop/fyp/install/fyp_models/share/fyp_models/models/RoadV2/model.config
[0.165s] -- Up-to-date: /home/tudor/Desktop/fyp/install/fyp_models/share/fyp_models/models/turn_left.png
[0.165s] -- Up-to-date: /home/tudor/Desktop/fyp/install/fyp_models/share/fyp_models/models/._.DS_Store
[0.166s] -- Up-to-date: /home/tudor/Desktop/fyp/install/fyp_models/share/fyp_models/models/traffic_light_parts
[0.166s] -- Up-to-date: /home/tudor/Desktop/fyp/install/fyp_models/share/fyp_models/models/traffic_light_parts/meshes
[0.166s] -- Up-to-date: /home/tudor/Desktop/fyp/install/fyp_models/share/fyp_models/models/traffic_light_parts/meshes/lightBox.obj
[0.166s] -- Up-to-date: /home/tudor/Desktop/fyp/install/fyp_models/share/fyp_models/models/traffic_light_parts/meshes/lightStand.obj
[0.166s] -- Up-to-date: /home/tudor/Desktop/fyp/install/fyp_models/share/fyp_models/models/traffic_light_parts/model.config
[0.166s] -- Up-to-date: /home/tudor/Desktop/fyp/install/fyp_models/share/fyp_models/models/._speed_limit_20.png
[0.166s] -- Up-to-date: /home/tudor/Desktop/fyp/install/fyp_models/share/fyp_models/models/yellowLight
[0.166s] -- Up-to-date: /home/tudor/Desktop/fyp/install/fyp_models/share/fyp_models/models/yellowLight/model.sdf
[0.166s] -- Up-to-date: /home/tudor/Desktop/fyp/install/fyp_models/share/fyp_models/models/yellowLight/model.config
[0.166s] -- Up-to-date: /home/tudor/Desktop/fyp/install/fyp_models/share/fyp_models/models/redLight
[0.166s] -- Up-to-date: /home/tudor/Desktop/fyp/install/fyp_models/share/fyp_models/models/redLight/model.sdf
[0.166s] -- Up-to-date: /home/tudor/Desktop/fyp/install/fyp_models/share/fyp_models/models/redLight/model.config
[0.166s] -- Up-to-date: /home/tudor/Desktop/fyp/install/fyp_models/share/fyp_models/models/green-light
[0.166s] -- Up-to-date: /home/tudor/Desktop/fyp/install/fyp_models/share/fyp_models/models/green-light/model.sdf
[0.166s] -- Up-to-date: /home/tudor/Desktop/fyp/install/fyp_models/share/fyp_models/models/green-light/model.config
[0.167s] -- Up-to-date: /home/tudor/Desktop/fyp/install/fyp_models/share/fyp_models/models/turnLeftSign
[0.167s] -- Up-to-date: /home/tudor/Desktop/fyp/install/fyp_models/share/fyp_models/models/turnLeftSign/model.sdf
[0.167s] -- Up-to-date: /home/tudor/Desktop/fyp/install/fyp_models/share/fyp_models/models/turnLeftSign/materials
[0.167s] -- Up-to-date: /home/tudor/Desktop/fyp/install/fyp_models/share/fyp_models/models/turnLeftSign/materials/._.DS_Store
[0.167s] -- Up-to-date: /home/tudor/Desktop/fyp/install/fyp_models/share/fyp_models/models/turnLeftSign/materials/textures
[0.167s] -- Up-to-date: /home/tudor/Desktop/fyp/install/fyp_models/share/fyp_models/models/turnLeftSign/materials/textures/turn_left.png
[0.167s] -- Up-to-date: /home/tudor/Desktop/fyp/install/fyp_models/share/fyp_models/models/turnLeftSign/materials/textures/._turn_left.png
[0.167s] -- Up-to-date: /home/tudor/Desktop/fyp/install/fyp_models/share/fyp_models/models/turnLeftSign/materials/scripts
[0.167s] -- Up-to-date: /home/tudor/Desktop/fyp/install/fyp_models/share/fyp_models/models/turnLeftSign/materials/scripts/turnLeftSign.material
[0.167s] -- Up-to-date: /home/tudor/Desktop/fyp/install/fyp_models/share/fyp_models/models/turnLeftSign/._.DS_Store
[0.167s] -- Up-to-date: /home/tudor/Desktop/fyp/install/fyp_models/share/fyp_models/models/turnLeftSign/model.config
[0.167s] -- Up-to-date: /home/tudor/Desktop/fyp/install/fyp_models/share/fyp_models/models/._turn_left.png
[0.167s] -- Up-to-date: /home/tudor/Desktop/fyp/install/fyp_models/share/fyp_models/models/greenLight
[0.167s] -- Up-to-date: /home/tudor/Desktop/fyp/install/fyp_models/share/fyp_models/models/greenLight/model.sdf
[0.167s] -- Up-to-date: /home/tudor/Desktop/fyp/install/fyp_models/share/fyp_models/models/greenLight/model.config
[0.167s] -- Up-to-date: /home/tudor/Desktop/fyp/install/fyp_models/share/fyp_models/models/speedLimit20Sign
[0.167s] -- Up-to-date: /home/tudor/Desktop/fyp/install/fyp_models/share/fyp_models/models/speedLimit20Sign/model.sdf
[0.167s] -- Up-to-date: /home/tudor/Desktop/fyp/install/fyp_models/share/fyp_models/models/speedLimit20Sign/materials
[0.167s] -- Up-to-date: /home/tudor/Desktop/fyp/install/fyp_models/share/fyp_models/models/speedLimit20Sign/materials/._.DS_Store
[0.168s] -- Up-to-date: /home/tudor/Desktop/fyp/install/fyp_models/share/fyp_models/models/speedLimit20Sign/materials/textures
[0.168s] -- Up-to-date: /home/tudor/Desktop/fyp/install/fyp_models/share/fyp_models/models/speedLimit20Sign/materials/textures/speed_limit_20.png
[0.168s] -- Up-to-date: /home/tudor/Desktop/fyp/install/fyp_models/share/fyp_models/models/speedLimit20Sign/materials/textures/._speed_limit_20.png
[0.168s] -- Up-to-date: /home/tudor/Desktop/fyp/install/fyp_models/share/fyp_models/models/speedLimit20Sign/materials/scripts
[0.168s] -- Up-to-date: /home/tudor/Desktop/fyp/install/fyp_models/share/fyp_models/models/speedLimit20Sign/materials/scripts/speedLimit20Sign.material
[0.168s] -- Up-to-date: /home/tudor/Desktop/fyp/install/fyp_models/share/fyp_models/models/speedLimit20Sign/._.DS_Store
[0.168s] -- Up-to-date: /home/tudor/Desktop/fyp/install/fyp_models/share/fyp_models/models/speedLimit20Sign/model.config
[0.168s] -- Up-to-date: /home/tudor/Desktop/fyp/install/fyp_models/share/fyp_models/models/stop.png
[0.168s] -- Up-to-date: /home/tudor/Desktop/fyp/install/fyp_models/share/ament_index/resource_index/package_run_dependencies/fyp_models
[0.168s] -- Up-to-date: /home/tudor/Desktop/fyp/install/fyp_models/share/ament_index/resource_index/parent_prefix_path/fyp_models
[0.168s] -- Up-to-date: /home/tudor/Desktop/fyp/install/fyp_models/share/fyp_models/environment/ament_prefix_path.sh
[0.168s] -- Up-to-date: /home/tudor/Desktop/fyp/install/fyp_models/share/fyp_models/environment/ament_prefix_path.dsv
[0.168s] -- Up-to-date: /home/tudor/Desktop/fyp/install/fyp_models/share/fyp_models/environment/path.sh
[0.168s] -- Up-to-date: /home/tudor/Desktop/fyp/install/fyp_models/share/fyp_models/environment/path.dsv
[0.168s] -- Up-to-date: /home/tudor/Desktop/fyp/install/fyp_models/share/fyp_models/local_setup.bash
[0.168s] -- Up-to-date: /home/tudor/Desktop/fyp/install/fyp_models/share/fyp_models/local_setup.sh
[0.168s] -- Up-to-date: /home/tudor/Desktop/fyp/install/fyp_models/share/fyp_models/local_setup.zsh
[0.168s] -- Up-to-date: /home/tudor/Desktop/fyp/install/fyp_models/share/fyp_models/local_setup.dsv
[0.169s] -- Installing: /home/tudor/Desktop/fyp/install/fyp_models/share/fyp_models/package.dsv
[0.169s] -- Up-to-date: /home/tudor/Desktop/fyp/install/fyp_models/share/ament_index/resource_index/packages/fyp_models
[0.169s] -- Up-to-date: /home/tudor/Desktop/fyp/install/fyp_models/share/fyp_models/cmake/fyp_modelsConfig.cmake
[0.169s] -- Up-to-date: /home/tudor/Desktop/fyp/install/fyp_models/share/fyp_models/cmake/fyp_modelsConfig-version.cmake
[0.169s] -- Up-to-date: /home/tudor/Desktop/fyp/install/fyp_models/share/fyp_models/package.xml
[0.169s] Invoked command in '/home/tudor/Desktop/fyp/build/fyp_models' returned '0': CMAKE_PREFIX_PATH=${CMAKE_PREFIX_PATH}:/home/tudor/Desktop/fyp/install/fyp_autonomous_car:/opt/ros/humble /usr/bin/cmake --install /home/tudor/Desktop/fyp/build/fyp_models
