[0.054s] DEBUG:colcon:Command line arguments: ['/usr/bin/colcon', 'build', '--packages-select', 'fyp_autonomous_car', 'fyp_models']
[0.054s] DEBUG:colcon:Parsed command line arguments: Namespace(log_base=None, log_level=None, verb_name='build', build_base='build', install_base='install', merge_install=False, symlink_install=False, test_result_base=None, continue_on_error=False, executor='parallel', parallel_workers=8, event_handlers=None, ignore_user_meta=False, metas=['./colcon.meta'], base_paths=['.'], packages_ignore=None, packages_ignore_regex=None, paths=None, packages_up_to=None, packages_up_to_regex=None, packages_above=None, packages_above_and_dependencies=None, packages_above_depth=None, packages_select_by_dep=None, packages_skip_by_dep=None, packages_skip_up_to=None, packages_select_build_failed=False, packages_skip_build_finished=False, packages_select_test_failures=False, packages_skip_test_passed=False, packages_select=['fyp_autonomous_car', 'fyp_models'], packages_skip=None, packages_select_regex=None, packages_skip_regex=None, packages_start=None, packages_end=None, allow_overriding=[], cmake_args=None, cmake_target=None, cmake_target_skip_unavailable=False, cmake_clean_cache=False, cmake_clean_first=False, cmake_force_configure=False, ament_cmake_args=None, catkin_cmake_args=None, catkin_skip_building_tests=False, verb_parser=<colcon_defaults.argument_parser.defaults.DefaultArgumentsDecorator object at 0x7aa3f502b4c0>, verb_extension=<colcon_core.verb.build.BuildVerb object at 0x7aa3f51d4100>, main=<bound method BuildVerb.main of <colcon_core.verb.build.BuildVerb object at 0x7aa3f51d4100>>)
[0.124s] Level 1:colcon.colcon_core.package_discovery:discover_packages(colcon_meta) check parameters
[0.124s] Level 1:colcon.colcon_core.package_discovery:discover_packages(recursive) check parameters
[0.124s] Level 1:colcon.colcon_core.package_discovery:discover_packages(ignore) check parameters
[0.124s] Level 1:colcon.colcon_core.package_discovery:discover_packages(path) check parameters
[0.124s] Level 1:colcon.colcon_core.package_discovery:discover_packages(colcon_meta) discover
[0.124s] Level 1:colcon.colcon_core.package_discovery:discover_packages(recursive) discover
[0.124s] INFO:colcon.colcon_core.package_discovery:Crawling recursively for packages in '/home/tudor/Desktop/fyp'
[0.124s] Level 1:colcon.colcon_core.package_identification:_identify(.) by extensions ['ignore', 'ignore_ament_install']
[0.124s] Level 1:colcon.colcon_core.package_identification:_identify(.) by extension 'ignore'
[0.124s] Level 1:colcon.colcon_core.package_identification:_identify(.) by extension 'ignore_ament_install'
[0.124s] Level 1:colcon.colcon_core.package_identification:_identify(.) by extensions ['colcon_pkg']
[0.124s] Level 1:colcon.colcon_core.package_identification:_identify(.) by extension 'colcon_pkg'
[0.124s] Level 1:colcon.colcon_core.package_identification:_identify(.) by extensions ['colcon_meta']
[0.124s] Level 1:colcon.colcon_core.package_identification:_identify(.) by extension 'colcon_meta'
[0.124s] Level 1:colcon.colcon_core.package_identification:_identify(.) by extensions ['ros']
[0.124s] Level 1:colcon.colcon_core.package_identification:_identify(.) by extension 'ros'
[0.131s] Level 1:colcon.colcon_core.package_identification:_identify(.) by extensions ['cmake', 'python']
[0.131s] Level 1:colcon.colcon_core.package_identification:_identify(.) by extension 'cmake'
[0.131s] Level 1:colcon.colcon_core.package_identification:_identify(.) by extension 'python'
[0.131s] Level 1:colcon.colcon_core.package_identification:_identify(.) by extensions ['python_setup_py']
[0.131s] Level 1:colcon.colcon_core.package_identification:_identify(.) by extension 'python_setup_py'
[0.131s] Level 1:colcon.colcon_core.package_identification:_identify(build) by extensions ['ignore', 'ignore_ament_install']
[0.131s] Level 1:colcon.colcon_core.package_identification:_identify(build) by extension 'ignore'
[0.131s] Level 1:colcon.colcon_core.package_identification:_identify(build) ignored
[0.131s] Level 1:colcon.colcon_core.package_identification:_identify(install) by extensions ['ignore', 'ignore_ament_install']
[0.131s] Level 1:colcon.colcon_core.package_identification:_identify(install) by extension 'ignore'
[0.131s] Level 1:colcon.colcon_core.package_identification:_identify(install) ignored
[0.131s] Level 1:colcon.colcon_core.package_identification:_identify(log) by extensions ['ignore', 'ignore_ament_install']
[0.131s] Level 1:colcon.colcon_core.package_identification:_identify(log) by extension 'ignore'
[0.131s] Level 1:colcon.colcon_core.package_identification:_identify(log) ignored
[0.131s] Level 1:colcon.colcon_core.package_identification:_identify(meshesExtra) by extensions ['ignore', 'ignore_ament_install']
[0.131s] Level 1:colcon.colcon_core.package_identification:_identify(meshesExtra) by extension 'ignore'
[0.131s] Level 1:colcon.colcon_core.package_identification:_identify(meshesExtra) by extension 'ignore_ament_install'
[0.131s] Level 1:colcon.colcon_core.package_identification:_identify(meshesExtra) by extensions ['colcon_pkg']
[0.131s] Level 1:colcon.colcon_core.package_identification:_identify(meshesExtra) by extension 'colcon_pkg'
[0.132s] Level 1:colcon.colcon_core.package_identification:_identify(meshesExtra) by extensions ['colcon_meta']
[0.132s] Level 1:colcon.colcon_core.package_identification:_identify(meshesExtra) by extension 'colcon_meta'
[0.132s] Level 1:colcon.colcon_core.package_identification:_identify(meshesExtra) by extensions ['ros']
[0.132s] Level 1:colcon.colcon_core.package_identification:_identify(meshesExtra) by extension 'ros'
[0.132s] Level 1:colcon.colcon_core.package_identification:_identify(meshesExtra) by extensions ['cmake', 'python']
[0.132s] Level 1:colcon.colcon_core.package_identification:_identify(meshesExtra) by extension 'cmake'
[0.132s] Level 1:colcon.colcon_core.package_identification:_identify(meshesExtra) by extension 'python'
[0.132s] Level 1:colcon.colcon_core.package_identification:_identify(meshesExtra) by extensions ['python_setup_py']
[0.132s] Level 1:colcon.colcon_core.package_identification:_identify(meshesExtra) by extension 'python_setup_py'
[0.132s] Level 1:colcon.colcon_core.package_identification:_identify(src) by extensions ['ignore', 'ignore_ament_install']
[0.132s] Level 1:colcon.colcon_core.package_identification:_identify(src) by extension 'ignore'
[0.132s] Level 1:colcon.colcon_core.package_identification:_identify(src) by extension 'ignore_ament_install'
[0.132s] Level 1:colcon.colcon_core.package_identification:_identify(src) by extensions ['colcon_pkg']
[0.132s] Level 1:colcon.colcon_core.package_identification:_identify(src) by extension 'colcon_pkg'
[0.132s] Level 1:colcon.colcon_core.package_identification:_identify(src) by extensions ['colcon_meta']
[0.132s] Level 1:colcon.colcon_core.package_identification:_identify(src) by extension 'colcon_meta'
[0.132s] Level 1:colcon.colcon_core.package_identification:_identify(src) by extensions ['ros']
[0.132s] Level 1:colcon.colcon_core.package_identification:_identify(src) by extension 'ros'
[0.132s] Level 1:colcon.colcon_core.package_identification:_identify(src) by extensions ['cmake', 'python']
[0.132s] Level 1:colcon.colcon_core.package_identification:_identify(src) by extension 'cmake'
[0.132s] Level 1:colcon.colcon_core.package_identification:_identify(src) by extension 'python'
[0.132s] Level 1:colcon.colcon_core.package_identification:_identify(src) by extensions ['python_setup_py']
[0.132s] Level 1:colcon.colcon_core.package_identification:_identify(src) by extension 'python_setup_py'
[0.132s] Level 1:colcon.colcon_core.package_identification:_identify(src/build) by extensions ['ignore', 'ignore_ament_install']
[0.132s] Level 1:colcon.colcon_core.package_identification:_identify(src/build) by extension 'ignore'
[0.132s] Level 1:colcon.colcon_core.package_identification:_identify(src/build) ignored
[0.132s] Level 1:colcon.colcon_core.package_identification:_identify(src/fyp_autonomous_car) by extensions ['ignore', 'ignore_ament_install']
[0.132s] Level 1:colcon.colcon_core.package_identification:_identify(src/fyp_autonomous_car) by extension 'ignore'
[0.132s] Level 1:colcon.colcon_core.package_identification:_identify(src/fyp_autonomous_car) by extension 'ignore_ament_install'
[0.132s] Level 1:colcon.colcon_core.package_identification:_identify(src/fyp_autonomous_car) by extensions ['colcon_pkg']
[0.132s] Level 1:colcon.colcon_core.package_identification:_identify(src/fyp_autonomous_car) by extension 'colcon_pkg'
[0.132s] Level 1:colcon.colcon_core.package_identification:_identify(src/fyp_autonomous_car) by extensions ['colcon_meta']
[0.132s] Level 1:colcon.colcon_core.package_identification:_identify(src/fyp_autonomous_car) by extension 'colcon_meta'
[0.132s] Level 1:colcon.colcon_core.package_identification:_identify(src/fyp_autonomous_car) by extensions ['ros']
[0.132s] Level 1:colcon.colcon_core.package_identification:_identify(src/fyp_autonomous_car) by extension 'ros'
[0.134s] DEBUG:colcon.colcon_core.package_identification:Package 'src/fyp_autonomous_car' with type 'ros.ament_python' and name 'fyp_autonomous_car'
[0.134s] Level 1:colcon.colcon_core.package_identification:_identify(src/fyp_models) by extensions ['ignore', 'ignore_ament_install']
[0.134s] Level 1:colcon.colcon_core.package_identification:_identify(src/fyp_models) by extension 'ignore'
[0.134s] Level 1:colcon.colcon_core.package_identification:_identify(src/fyp_models) by extension 'ignore_ament_install'
[0.134s] Level 1:colcon.colcon_core.package_identification:_identify(src/fyp_models) by extensions ['colcon_pkg']
[0.134s] Level 1:colcon.colcon_core.package_identification:_identify(src/fyp_models) by extension 'colcon_pkg'
[0.134s] Level 1:colcon.colcon_core.package_identification:_identify(src/fyp_models) by extensions ['colcon_meta']
[0.134s] Level 1:colcon.colcon_core.package_identification:_identify(src/fyp_models) by extension 'colcon_meta'
[0.134s] Level 1:colcon.colcon_core.package_identification:_identify(src/fyp_models) by extensions ['ros']
[0.134s] Level 1:colcon.colcon_core.package_identification:_identify(src/fyp_models) by extension 'ros'
[0.134s] DEBUG:colcon.colcon_core.package_identification:Package 'src/fyp_models' with type 'ros.ament_cmake' and name 'fyp_models'
[0.134s] Level 1:colcon.colcon_core.package_identification:_identify(src/install) by extensions ['ignore', 'ignore_ament_install']
[0.134s] Level 1:colcon.colcon_core.package_identification:_identify(src/install) by extension 'ignore'
[0.134s] Level 1:colcon.colcon_core.package_identification:_identify(src/install) ignored
[0.134s] Level 1:colcon.colcon_core.package_identification:_identify(src/log) by extensions ['ignore', 'ignore_ament_install']
[0.134s] Level 1:colcon.colcon_core.package_identification:_identify(src/log) by extension 'ignore'
[0.134s] Level 1:colcon.colcon_core.package_identification:_identify(src/log) ignored
[0.134s] Level 1:colcon.colcon_core.package_identification:_identify(src/videoOutputsCar) by extensions ['ignore', 'ignore_ament_install']
[0.135s] Level 1:colcon.colcon_core.package_identification:_identify(src/videoOutputsCar) by extension 'ignore'
[0.135s] Level 1:colcon.colcon_core.package_identification:_identify(src/videoOutputsCar) by extension 'ignore_ament_install'
[0.135s] Level 1:colcon.colcon_core.package_identification:_identify(src/videoOutputsCar) by extensions ['colcon_pkg']
[0.135s] Level 1:colcon.colcon_core.package_identification:_identify(src/videoOutputsCar) by extension 'colcon_pkg'
[0.135s] Level 1:colcon.colcon_core.package_identification:_identify(src/videoOutputsCar) by extensions ['colcon_meta']
[0.135s] Level 1:colcon.colcon_core.package_identification:_identify(src/videoOutputsCar) by extension 'colcon_meta'
[0.135s] Level 1:colcon.colcon_core.package_identification:_identify(src/videoOutputsCar) by extensions ['ros']
[0.135s] Level 1:colcon.colcon_core.package_identification:_identify(src/videoOutputsCar) by extension 'ros'
[0.135s] Level 1:colcon.colcon_core.package_identification:_identify(src/videoOutputsCar) by extensions ['cmake', 'python']
[0.135s] Level 1:colcon.colcon_core.package_identification:_identify(src/videoOutputsCar) by extension 'cmake'
[0.135s] Level 1:colcon.colcon_core.package_identification:_identify(src/videoOutputsCar) by extension 'python'
[0.135s] Level 1:colcon.colcon_core.package_identification:_identify(src/videoOutputsCar) by extensions ['python_setup_py']
[0.135s] Level 1:colcon.colcon_core.package_identification:_identify(src/videoOutputsCar) by extension 'python_setup_py'
[0.135s] Level 1:colcon.colcon_core.package_identification:_identify(videoOutputsCar) by extensions ['ignore', 'ignore_ament_install']
[0.135s] Level 1:colcon.colcon_core.package_identification:_identify(videoOutputsCar) by extension 'ignore'
[0.135s] Level 1:colcon.colcon_core.package_identification:_identify(videoOutputsCar) by extension 'ignore_ament_install'
[0.135s] Level 1:colcon.colcon_core.package_identification:_identify(videoOutputsCar) by extensions ['colcon_pkg']
[0.135s] Level 1:colcon.colcon_core.package_identification:_identify(videoOutputsCar) by extension 'colcon_pkg'
[0.135s] Level 1:colcon.colcon_core.package_identification:_identify(videoOutputsCar) by extensions ['colcon_meta']
[0.135s] Level 1:colcon.colcon_core.package_identification:_identify(videoOutputsCar) by extension 'colcon_meta'
[0.135s] Level 1:colcon.colcon_core.package_identification:_identify(videoOutputsCar) by extensions ['ros']
[0.135s] Level 1:colcon.colcon_core.package_identification:_identify(videoOutputsCar) by extension 'ros'
[0.135s] Level 1:colcon.colcon_core.package_identification:_identify(videoOutputsCar) by extensions ['cmake', 'python']
[0.135s] Level 1:colcon.colcon_core.package_identification:_identify(videoOutputsCar) by extension 'cmake'
[0.135s] Level 1:colcon.colcon_core.package_identification:_identify(videoOutputsCar) by extension 'python'
[0.135s] Level 1:colcon.colcon_core.package_identification:_identify(videoOutputsCar) by extensions ['python_setup_py']
[0.135s] Level 1:colcon.colcon_core.package_identification:_identify(videoOutputsCar) by extension 'python_setup_py'
[0.135s] Level 1:colcon.colcon_core.package_discovery:discover_packages(recursive) using defaults
[0.135s] Level 1:colcon.colcon_core.package_discovery:discover_packages(ignore) discover
[0.135s] Level 1:colcon.colcon_core.package_discovery:discover_packages(ignore) using defaults
[0.135s] Level 1:colcon.colcon_core.package_discovery:discover_packages(path) discover
[0.135s] Level 1:colcon.colcon_core.package_discovery:discover_packages(path) using defaults
[0.146s] Level 1:colcon.colcon_core.package_discovery:discover_packages(prefix_path) check parameters
[0.146s] Level 1:colcon.colcon_core.package_discovery:discover_packages(prefix_path) discover
[0.146s] DEBUG:colcon.colcon_installed_package_information.package_discovery:Found 2 installed packages in /home/tudor/Desktop/fyp/install
[0.147s] DEBUG:colcon.colcon_installed_package_information.package_discovery:Found 278 installed packages in /opt/ros/humble
[0.148s] Level 1:colcon.colcon_core.package_discovery:discover_packages(prefix_path) using defaults
[0.171s] Level 5:colcon.colcon_core.verb:set package 'fyp_autonomous_car' build argument 'cmake_args' from command line to 'None'
[0.171s] Level 5:colcon.colcon_core.verb:set package 'fyp_autonomous_car' build argument 'cmake_target' from command line to 'None'
[0.171s] Level 5:colcon.colcon_core.verb:set package 'fyp_autonomous_car' build argument 'cmake_target_skip_unavailable' from command line to 'False'
[0.171s] Level 5:colcon.colcon_core.verb:set package 'fyp_autonomous_car' build argument 'cmake_clean_cache' from command line to 'False'
[0.171s] Level 5:colcon.colcon_core.verb:set package 'fyp_autonomous_car' build argument 'cmake_clean_first' from command line to 'False'
[0.171s] Level 5:colcon.colcon_core.verb:set package 'fyp_autonomous_car' build argument 'cmake_force_configure' from command line to 'False'
[0.171s] Level 5:colcon.colcon_core.verb:set package 'fyp_autonomous_car' build argument 'ament_cmake_args' from command line to 'None'
[0.171s] Level 5:colcon.colcon_core.verb:set package 'fyp_autonomous_car' build argument 'catkin_cmake_args' from command line to 'None'
[0.171s] Level 5:colcon.colcon_core.verb:set package 'fyp_autonomous_car' build argument 'catkin_skip_building_tests' from command line to 'False'
[0.171s] DEBUG:colcon.colcon_core.verb:Building package 'fyp_autonomous_car' with the following arguments: {'ament_cmake_args': None, 'build_base': '/home/tudor/Desktop/fyp/build/fyp_autonomous_car', 'catkin_cmake_args': None, 'catkin_skip_building_tests': False, 'cmake_args': None, 'cmake_clean_cache': False, 'cmake_clean_first': False, 'cmake_force_configure': False, 'cmake_target': None, 'cmake_target_skip_unavailable': False, 'install_base': '/home/tudor/Desktop/fyp/install/fyp_autonomous_car', 'merge_install': False, 'path': '/home/tudor/Desktop/fyp/src/fyp_autonomous_car', 'symlink_install': False, 'test_result_base': None}
[0.171s] Level 5:colcon.colcon_core.verb:set package 'fyp_models' build argument 'cmake_args' from command line to 'None'
[0.171s] Level 5:colcon.colcon_core.verb:set package 'fyp_models' build argument 'cmake_target' from command line to 'None'
[0.171s] Level 5:colcon.colcon_core.verb:set package 'fyp_models' build argument 'cmake_target_skip_unavailable' from command line to 'False'
[0.171s] Level 5:colcon.colcon_core.verb:set package 'fyp_models' build argument 'cmake_clean_cache' from command line to 'False'
[0.171s] Level 5:colcon.colcon_core.verb:set package 'fyp_models' build argument 'cmake_clean_first' from command line to 'False'
[0.171s] Level 5:colcon.colcon_core.verb:set package 'fyp_models' build argument 'cmake_force_configure' from command line to 'False'
[0.171s] Level 5:colcon.colcon_core.verb:set package 'fyp_models' build argument 'ament_cmake_args' from command line to 'None'
[0.171s] Level 5:colcon.colcon_core.verb:set package 'fyp_models' build argument 'catkin_cmake_args' from command line to 'None'
[0.171s] Level 5:colcon.colcon_core.verb:set package 'fyp_models' build argument 'catkin_skip_building_tests' from command line to 'False'
[0.171s] DEBUG:colcon.colcon_core.verb:Building package 'fyp_models' with the following arguments: {'ament_cmake_args': None, 'build_base': '/home/tudor/Desktop/fyp/build/fyp_models', 'catkin_cmake_args': None, 'catkin_skip_building_tests': False, 'cmake_args': None, 'cmake_clean_cache': False, 'cmake_clean_first': False, 'cmake_force_configure': False, 'cmake_target': None, 'cmake_target_skip_unavailable': False, 'install_base': '/home/tudor/Desktop/fyp/install/fyp_models', 'merge_install': False, 'path': '/home/tudor/Desktop/fyp/src/fyp_models', 'symlink_install': False, 'test_result_base': None}
[0.172s] INFO:colcon.colcon_core.executor:Executing jobs using 'parallel' executor
[0.172s] DEBUG:colcon.colcon_parallel_executor.executor.parallel:run_until_complete
[0.172s] INFO:colcon.colcon_ros.task.ament_python.build:Building ROS package in '/home/tudor/Desktop/fyp/src/fyp_autonomous_car' with build type 'ament_python'
[0.173s] Level 1:colcon.colcon_core.shell:create_environment_hook('fyp_autonomous_car', 'ament_prefix_path')
[0.174s] INFO:colcon.colcon_core.plugin_system:Skipping extension 'colcon_core.shell.bat': Not used on non-Windows systems
[0.174s] INFO:colcon.colcon_core.shell:Creating environment hook '/home/tudor/Desktop/fyp/install/fyp_autonomous_car/share/fyp_autonomous_car/hook/ament_prefix_path.ps1'
[0.174s] INFO:colcon.colcon_core.shell:Creating environment descriptor '/home/tudor/Desktop/fyp/install/fyp_autonomous_car/share/fyp_autonomous_car/hook/ament_prefix_path.dsv'
[0.175s] INFO:colcon.colcon_core.shell:Creating environment hook '/home/tudor/Desktop/fyp/install/fyp_autonomous_car/share/fyp_autonomous_car/hook/ament_prefix_path.sh'
[0.175s] INFO:colcon.colcon_core.shell:Skip shell extension 'powershell' for command environment: Not usable outside of PowerShell
[0.175s] DEBUG:colcon.colcon_core.shell:Skip shell extension 'dsv' for command environment
[0.177s] INFO:colcon.colcon_ros.task.ament_cmake.build:Building ROS package in '/home/tudor/Desktop/fyp/src/fyp_models' with build type 'ament_cmake'
[0.177s] INFO:colcon.colcon_cmake.task.cmake.build:Building CMake package in '/home/tudor/Desktop/fyp/src/fyp_models'
[0.177s] INFO:colcon.colcon_core.shell:Skip shell extension 'powershell' for command environment: Not usable outside of PowerShell
[0.177s] DEBUG:colcon.colcon_core.shell:Skip shell extension 'dsv' for command environment
[0.315s] INFO:colcon.colcon_core.task.python.build:Building Python package in '/home/tudor/Desktop/fyp/src/fyp_autonomous_car'
[0.316s] INFO:colcon.colcon_core.shell:Skip shell extension 'powershell' for command environment: Not usable outside of PowerShell
[0.316s] DEBUG:colcon.colcon_core.shell:Skip shell extension 'dsv' for command environment
[0.321s] DEBUG:colcon.colcon_core.event_handler.log_command:Invoking command in '/home/tudor/Desktop/fyp/build/fyp_models': CMAKE_PREFIX_PATH=${CMAKE_PREFIX_PATH}:/home/tudor/Desktop/fyp/install/fyp_autonomous_car:/opt/ros/humble /usr/bin/cmake --build /home/tudor/Desktop/fyp/build/fyp_models -- -j8 -l8
[0.383s] DEBUG:colcon.colcon_core.event_handler.log_command:Invoked command in '/home/tudor/Desktop/fyp/build/fyp_models' returned '0': CMAKE_PREFIX_PATH=${CMAKE_PREFIX_PATH}:/home/tudor/Desktop/fyp/install/fyp_autonomous_car:/opt/ros/humble /usr/bin/cmake --build /home/tudor/Desktop/fyp/build/fyp_models -- -j8 -l8
[0.400s] DEBUG:colcon.colcon_core.event_handler.log_command:Invoking command in '/home/tudor/Desktop/fyp/build/fyp_models': CMAKE_PREFIX_PATH=${CMAKE_PREFIX_PATH}:/home/tudor/Desktop/fyp/install/fyp_autonomous_car:/opt/ros/humble /usr/bin/cmake --install /home/tudor/Desktop/fyp/build/fyp_models
[0.417s] Level 1:colcon.colcon_core.environment:create_environment_scripts_only(fyp_models)
[0.420s] Level 1:colcon.colcon_core.environment:checking '/home/tudor/Desktop/fyp/install/fyp_models' for CMake module files
[0.420s] Level 1:colcon.colcon_core.environment:checking '/home/tudor/Desktop/fyp/install/fyp_models' for CMake config files
[0.421s] Level 1:colcon.colcon_core.shell:create_environment_hook('fyp_models', 'cmake_prefix_path')
[0.422s] INFO:colcon.colcon_core.shell:Creating environment hook '/home/tudor/Desktop/fyp/install/fyp_models/share/fyp_models/hook/cmake_prefix_path.ps1'
[0.422s] INFO:colcon.colcon_core.shell:Creating environment descriptor '/home/tudor/Desktop/fyp/install/fyp_models/share/fyp_models/hook/cmake_prefix_path.dsv'
[0.422s] INFO:colcon.colcon_core.shell:Creating environment hook '/home/tudor/Desktop/fyp/install/fyp_models/share/fyp_models/hook/cmake_prefix_path.sh'
[0.423s] Level 1:colcon.colcon_core.environment:checking '/home/tudor/Desktop/fyp/install/fyp_models/bin'
[0.423s] Level 1:colcon.colcon_core.environment:checking '/home/tudor/Desktop/fyp/install/fyp_models/lib/pkgconfig/fyp_models.pc'
[0.424s] Level 1:colcon.colcon_core.environment:checking '/home/tudor/Desktop/fyp/install/fyp_models/lib/python3.10/site-packages'
[0.424s] Level 1:colcon.colcon_core.environment:checking '/home/tudor/Desktop/fyp/install/fyp_models/bin'
[0.424s] INFO:colcon.colcon_core.shell:Creating package script '/home/tudor/Desktop/fyp/install/fyp_models/share/fyp_models/package.ps1'
[0.425s] INFO:colcon.colcon_core.shell:Creating package descriptor '/home/tudor/Desktop/fyp/install/fyp_models/share/fyp_models/package.dsv'
[0.425s] INFO:colcon.colcon_core.shell:Creating package script '/home/tudor/Desktop/fyp/install/fyp_models/share/fyp_models/package.sh'
[0.426s] INFO:colcon.colcon_core.shell:Creating package script '/home/tudor/Desktop/fyp/install/fyp_models/share/fyp_models/package.bash'
[0.426s] INFO:colcon.colcon_core.shell:Creating package script '/home/tudor/Desktop/fyp/install/fyp_models/share/fyp_models/package.zsh'
[0.427s] Level 1:colcon.colcon_core.environment:create_file_with_runtime_dependencies(/home/tudor/Desktop/fyp/install/fyp_models/share/colcon-core/packages/fyp_models)
[0.428s] Level 1:colcon.colcon_core.environment:create_environment_scripts_only(fyp_models)
[0.428s] Level 1:colcon.colcon_core.environment:checking '/home/tudor/Desktop/fyp/install/fyp_models' for CMake module files
[0.428s] Level 1:colcon.colcon_core.environment:checking '/home/tudor/Desktop/fyp/install/fyp_models' for CMake config files
[0.431s] Level 1:colcon.colcon_core.shell:create_environment_hook('fyp_models', 'cmake_prefix_path')
[0.431s] INFO:colcon.colcon_core.shell:Creating environment hook '/home/tudor/Desktop/fyp/install/fyp_models/share/fyp_models/hook/cmake_prefix_path.ps1'
[0.432s] INFO:colcon.colcon_core.shell:Creating environment descriptor '/home/tudor/Desktop/fyp/install/fyp_models/share/fyp_models/hook/cmake_prefix_path.dsv'
[0.432s] INFO:colcon.colcon_core.shell:Creating environment hook '/home/tudor/Desktop/fyp/install/fyp_models/share/fyp_models/hook/cmake_prefix_path.sh'
[0.433s] Level 1:colcon.colcon_core.environment:checking '/home/tudor/Desktop/fyp/install/fyp_models/bin'
[0.433s] Level 1:colcon.colcon_core.environment:checking '/home/tudor/Desktop/fyp/install/fyp_models/lib/pkgconfig/fyp_models.pc'
[0.433s] Level 1:colcon.colcon_core.environment:checking '/home/tudor/Desktop/fyp/install/fyp_models/lib/python3.10/site-packages'
[0.433s] Level 1:colcon.colcon_core.environment:checking '/home/tudor/Desktop/fyp/install/fyp_models/bin'
[0.434s] INFO:colcon.colcon_core.shell:Creating package script '/home/tudor/Desktop/fyp/install/fyp_models/share/fyp_models/package.ps1'
[0.434s] INFO:colcon.colcon_core.shell:Creating package descriptor '/home/tudor/Desktop/fyp/install/fyp_models/share/fyp_models/package.dsv'
[0.435s] INFO:colcon.colcon_core.shell:Creating package script '/home/tudor/Desktop/fyp/install/fyp_models/share/fyp_models/package.sh'
[0.435s] INFO:colcon.colcon_core.shell:Creating package script '/home/tudor/Desktop/fyp/install/fyp_models/share/fyp_models/package.bash'
[0.436s] INFO:colcon.colcon_core.shell:Creating package script '/home/tudor/Desktop/fyp/install/fyp_models/share/fyp_models/package.zsh'
[0.436s] Level 1:colcon.colcon_core.environment:create_file_with_runtime_dependencies(/home/tudor/Desktop/fyp/install/fyp_models/share/colcon-core/packages/fyp_models)
[0.438s] DEBUG:colcon.colcon_core.event_handler.log_command:Invoked command in '/home/tudor/Desktop/fyp/build/fyp_models' returned '0': CMAKE_PREFIX_PATH=${CMAKE_PREFIX_PATH}:/home/tudor/Desktop/fyp/install/fyp_autonomous_car:/opt/ros/humble /usr/bin/cmake --install /home/tudor/Desktop/fyp/build/fyp_models
[0.504s] DEBUG:colcon.colcon_core.event_handler.log_command:Invoking command in '/home/tudor/Desktop/fyp/src/fyp_autonomous_car': PYTHONPATH=/home/tudor/Desktop/fyp/build/fyp_autonomous_car/prefix_override:/usr/lib/python3/dist-packages/colcon_core/task/python/colcon_distutils_commands:/home/tudor/Desktop/fyp/install/fyp_autonomous_car/lib/python3.10/site-packages:${PYTHONPATH} /usr/bin/python3 -W ignore:setup.py install is deprecated -W ignore:easy_install command is deprecated setup.py egg_info --egg-base ../../build/fyp_autonomous_car build --build-base /home/tudor/Desktop/fyp/build/fyp_autonomous_car/build install --record /home/tudor/Desktop/fyp/build/fyp_autonomous_car/install.log --single-version-externally-managed install_data
[0.641s] Level 1:colcon.colcon_core.environment:checking '/home/tudor/Desktop/fyp/install/fyp_autonomous_car' for CMake module files
[0.641s] DEBUG:colcon.colcon_core.event_handler.log_command:Invoked command in '/home/tudor/Desktop/fyp/src/fyp_autonomous_car' returned '0': PYTHONPATH=/home/tudor/Desktop/fyp/build/fyp_autonomous_car/prefix_override:/usr/lib/python3/dist-packages/colcon_core/task/python/colcon_distutils_commands:/home/tudor/Desktop/fyp/install/fyp_autonomous_car/lib/python3.10/site-packages:${PYTHONPATH} /usr/bin/python3 -W ignore:setup.py install is deprecated -W ignore:easy_install command is deprecated setup.py egg_info --egg-base ../../build/fyp_autonomous_car build --build-base /home/tudor/Desktop/fyp/build/fyp_autonomous_car/build install --record /home/tudor/Desktop/fyp/build/fyp_autonomous_car/install.log --single-version-externally-managed install_data
[0.642s] Level 1:colcon.colcon_core.environment:checking '/home/tudor/Desktop/fyp/install/fyp_autonomous_car' for CMake config files
[0.642s] Level 1:colcon.colcon_core.environment:checking '/home/tudor/Desktop/fyp/install/fyp_autonomous_car/lib'
[0.642s] Level 1:colcon.colcon_core.environment:checking '/home/tudor/Desktop/fyp/install/fyp_autonomous_car/bin'
[0.642s] Level 1:colcon.colcon_core.environment:checking '/home/tudor/Desktop/fyp/install/fyp_autonomous_car/lib/pkgconfig/fyp_autonomous_car.pc'
[0.642s] Level 1:colcon.colcon_core.environment:checking '/home/tudor/Desktop/fyp/install/fyp_autonomous_car/lib/python3.10/site-packages'
[0.642s] Level 1:colcon.colcon_core.shell:create_environment_hook('fyp_autonomous_car', 'pythonpath')
[0.642s] INFO:colcon.colcon_core.shell:Creating environment hook '/home/tudor/Desktop/fyp/install/fyp_autonomous_car/share/fyp_autonomous_car/hook/pythonpath.ps1'
[0.643s] INFO:colcon.colcon_core.shell:Creating environment descriptor '/home/tudor/Desktop/fyp/install/fyp_autonomous_car/share/fyp_autonomous_car/hook/pythonpath.dsv'
[0.643s] INFO:colcon.colcon_core.shell:Creating environment hook '/home/tudor/Desktop/fyp/install/fyp_autonomous_car/share/fyp_autonomous_car/hook/pythonpath.sh'
[0.643s] Level 1:colcon.colcon_core.environment:checking '/home/tudor/Desktop/fyp/install/fyp_autonomous_car/bin'
[0.644s] Level 1:colcon.colcon_core.environment:create_environment_scripts_only(fyp_autonomous_car)
[0.644s] INFO:colcon.colcon_core.shell:Creating package script '/home/tudor/Desktop/fyp/install/fyp_autonomous_car/share/fyp_autonomous_car/package.ps1'
[0.644s] INFO:colcon.colcon_core.shell:Creating package descriptor '/home/tudor/Desktop/fyp/install/fyp_autonomous_car/share/fyp_autonomous_car/package.dsv'
[0.644s] INFO:colcon.colcon_core.shell:Creating package script '/home/tudor/Desktop/fyp/install/fyp_autonomous_car/share/fyp_autonomous_car/package.sh'
[0.644s] INFO:colcon.colcon_core.shell:Creating package script '/home/tudor/Desktop/fyp/install/fyp_autonomous_car/share/fyp_autonomous_car/package.bash'
[0.645s] INFO:colcon.colcon_core.shell:Creating package script '/home/tudor/Desktop/fyp/install/fyp_autonomous_car/share/fyp_autonomous_car/package.zsh'
[0.645s] Level 1:colcon.colcon_core.environment:create_file_with_runtime_dependencies(/home/tudor/Desktop/fyp/install/fyp_autonomous_car/share/colcon-core/packages/fyp_autonomous_car)
[0.645s] DEBUG:colcon.colcon_parallel_executor.executor.parallel:closing loop
[0.645s] DEBUG:colcon.colcon_parallel_executor.executor.parallel:loop closed
[0.645s] DEBUG:colcon.colcon_parallel_executor.executor.parallel:run_until_complete finished with '0'
[0.646s] DEBUG:colcon.colcon_core.event_reactor:joining thread
[0.651s] INFO:colcon.colcon_core.plugin_system:Skipping extension 'colcon_notification.desktop_notification.terminal_notifier': Not used on non-Darwin systems
[0.651s] INFO:colcon.colcon_core.plugin_system:Skipping extension 'colcon_notification.desktop_notification.win32': Not used on non-Windows systems
[0.651s] INFO:colcon.colcon_notification.desktop_notification:Sending desktop notification using 'notify2'
[0.657s] DEBUG:colcon.colcon_core.event_reactor:joined thread
[0.657s] INFO:colcon.colcon_core.shell:Creating prefix script '/home/tudor/Desktop/fyp/install/local_setup.ps1'
[0.658s] INFO:colcon.colcon_core.shell:Creating prefix util module '/home/tudor/Desktop/fyp/install/_local_setup_util_ps1.py'
[0.659s] INFO:colcon.colcon_core.shell:Creating prefix chain script '/home/tudor/Desktop/fyp/install/setup.ps1'
[0.660s] INFO:colcon.colcon_core.shell:Creating prefix script '/home/tudor/Desktop/fyp/install/local_setup.sh'
[0.660s] INFO:colcon.colcon_core.shell:Creating prefix util module '/home/tudor/Desktop/fyp/install/_local_setup_util_sh.py'
[0.661s] INFO:colcon.colcon_core.shell:Creating prefix chain script '/home/tudor/Desktop/fyp/install/setup.sh'
[0.661s] INFO:colcon.colcon_core.shell:Creating prefix script '/home/tudor/Desktop/fyp/install/local_setup.bash'
[0.662s] INFO:colcon.colcon_core.shell:Creating prefix chain script '/home/tudor/Desktop/fyp/install/setup.bash'
[0.662s] INFO:colcon.colcon_core.shell:Creating prefix script '/home/tudor/Desktop/fyp/install/local_setup.zsh'
[0.662s] INFO:colcon.colcon_core.shell:Creating prefix chain script '/home/tudor/Desktop/fyp/install/setup.zsh'
