[0.056s] DEBUG:colcon:Command line arguments: ['/usr/bin/colcon', 'build', '--packages-select', 'fyp_autonomous_car']
[0.056s] DEBUG:colcon:Parsed command line arguments: Namespace(log_base=None, log_level=None, verb_name='build', build_base='build', install_base='install', merge_install=False, symlink_install=False, test_result_base=None, continue_on_error=False, executor='parallel', parallel_workers=8, event_handlers=None, ignore_user_meta=False, metas=['./colcon.meta'], base_paths=['.'], packages_ignore=None, packages_ignore_regex=None, paths=None, packages_up_to=None, packages_up_to_regex=None, packages_above=None, packages_above_and_dependencies=None, packages_above_depth=None, packages_select_by_dep=None, packages_skip_by_dep=None, packages_skip_up_to=None, packages_select_build_failed=False, packages_skip_build_finished=False, packages_select_test_failures=False, packages_skip_test_passed=False, packages_select=['fyp_autonomous_car'], packages_skip=None, packages_select_regex=None, packages_skip_regex=None, packages_start=None, packages_end=None, allow_overriding=[], cmake_args=None, cmake_target=None, cmake_target_skip_unavailable=False, cmake_clean_cache=False, cmake_clean_first=False, cmake_force_configure=False, ament_cmake_args=None, catkin_cmake_args=None, catkin_skip_building_tests=False, verb_parser=<colcon_defaults.argument_parser.defaults.DefaultArgumentsDecorator object at 0x7d5ed012f490>, verb_extension=<colcon_core.verb.build.BuildVerb object at 0x7d5ed02d80d0>, main=<bound method BuildVerb.main of <colcon_core.verb.build.BuildVerb object at 0x7d5ed02d80d0>>)
[0.128s] Level 1:colcon.colcon_core.package_discovery:discover_packages(colcon_meta) check parameters
[0.128s] Level 1:colcon.colcon_core.package_discovery:discover_packages(recursive) check parameters
[0.128s] Level 1:colcon.colcon_core.package_discovery:discover_packages(ignore) check parameters
[0.128s] Level 1:colcon.colcon_core.package_discovery:discover_packages(path) check parameters
[0.128s] Level 1:colcon.colcon_core.package_discovery:discover_packages(colcon_meta) discover
[0.128s] Level 1:colcon.colcon_core.package_discovery:discover_packages(recursive) discover
[0.128s] INFO:colcon.colcon_core.package_discovery:Crawling recursively for packages in '/home/tudor/Desktop/fyp'
[0.128s] Level 1:colcon.colcon_core.package_identification:_identify(.) by extensions ['ignore', 'ignore_ament_install']
[0.128s] Level 1:colcon.colcon_core.package_identification:_identify(.) by extension 'ignore'
[0.128s] Level 1:colcon.colcon_core.package_identification:_identify(.) by extension 'ignore_ament_install'
[0.128s] Level 1:colcon.colcon_core.package_identification:_identify(.) by extensions ['colcon_pkg']
[0.128s] Level 1:colcon.colcon_core.package_identification:_identify(.) by extension 'colcon_pkg'
[0.128s] Level 1:colcon.colcon_core.package_identification:_identify(.) by extensions ['colcon_meta']
[0.128s] Level 1:colcon.colcon_core.package_identification:_identify(.) by extension 'colcon_meta'
[0.128s] Level 1:colcon.colcon_core.package_identification:_identify(.) by extensions ['ros']
[0.128s] Level 1:colcon.colcon_core.package_identification:_identify(.) by extension 'ros'
[0.135s] Level 1:colcon.colcon_core.package_identification:_identify(.) by extensions ['cmake', 'python']
[0.135s] Level 1:colcon.colcon_core.package_identification:_identify(.) by extension 'cmake'
[0.135s] Level 1:colcon.colcon_core.package_identification:_identify(.) by extension 'python'
[0.135s] Level 1:colcon.colcon_core.package_identification:_identify(.) by extensions ['python_setup_py']
[0.135s] Level 1:colcon.colcon_core.package_identification:_identify(.) by extension 'python_setup_py'
[0.135s] Level 1:colcon.colcon_core.package_identification:_identify(build) by extensions ['ignore', 'ignore_ament_install']
[0.135s] Level 1:colcon.colcon_core.package_identification:_identify(build) by extension 'ignore'
[0.135s] Level 1:colcon.colcon_core.package_identification:_identify(build) ignored
[0.135s] Level 1:colcon.colcon_core.package_identification:_identify(install) by extensions ['ignore', 'ignore_ament_install']
[0.135s] Level 1:colcon.colcon_core.package_identification:_identify(install) by extension 'ignore'
[0.135s] Level 1:colcon.colcon_core.package_identification:_identify(install) ignored
[0.135s] Level 1:colcon.colcon_core.package_identification:_identify(log) by extensions ['ignore', 'ignore_ament_install']
[0.135s] Level 1:colcon.colcon_core.package_identification:_identify(log) by extension 'ignore'
[0.135s] Level 1:colcon.colcon_core.package_identification:_identify(log) ignored
[0.135s] Level 1:colcon.colcon_core.package_identification:_identify(meshesExtra) by extensions ['ignore', 'ignore_ament_install']
[0.135s] Level 1:colcon.colcon_core.package_identification:_identify(meshesExtra) by extension 'ignore'
[0.135s] Level 1:colcon.colcon_core.package_identification:_identify(meshesExtra) by extension 'ignore_ament_install'
[0.135s] Level 1:colcon.colcon_core.package_identification:_identify(meshesExtra) by extensions ['colcon_pkg']
[0.135s] Level 1:colcon.colcon_core.package_identification:_identify(meshesExtra) by extension 'colcon_pkg'
[0.135s] Level 1:colcon.colcon_core.package_identification:_identify(meshesExtra) by extensions ['colcon_meta']
[0.135s] Level 1:colcon.colcon_core.package_identification:_identify(meshesExtra) by extension 'colcon_meta'
[0.135s] Level 1:colcon.colcon_core.package_identification:_identify(meshesExtra) by extensions ['ros']
[0.135s] Level 1:colcon.colcon_core.package_identification:_identify(meshesExtra) by extension 'ros'
[0.135s] Level 1:colcon.colcon_core.package_identification:_identify(meshesExtra) by extensions ['cmake', 'python']
[0.135s] Level 1:colcon.colcon_core.package_identification:_identify(meshesExtra) by extension 'cmake'
[0.135s] Level 1:colcon.colcon_core.package_identification:_identify(meshesExtra) by extension 'python'
[0.135s] Level 1:colcon.colcon_core.package_identification:_identify(meshesExtra) by extensions ['python_setup_py']
[0.135s] Level 1:colcon.colcon_core.package_identification:_identify(meshesExtra) by extension 'python_setup_py'
[0.135s] Level 1:colcon.colcon_core.package_identification:_identify(src) by extensions ['ignore', 'ignore_ament_install']
[0.135s] Level 1:colcon.colcon_core.package_identification:_identify(src) by extension 'ignore'
[0.136s] Level 1:colcon.colcon_core.package_identification:_identify(src) by extension 'ignore_ament_install'
[0.136s] Level 1:colcon.colcon_core.package_identification:_identify(src) by extensions ['colcon_pkg']
[0.136s] Level 1:colcon.colcon_core.package_identification:_identify(src) by extension 'colcon_pkg'
[0.136s] Level 1:colcon.colcon_core.package_identification:_identify(src) by extensions ['colcon_meta']
[0.136s] Level 1:colcon.colcon_core.package_identification:_identify(src) by extension 'colcon_meta'
[0.136s] Level 1:colcon.colcon_core.package_identification:_identify(src) by extensions ['ros']
[0.136s] Level 1:colcon.colcon_core.package_identification:_identify(src) by extension 'ros'
[0.136s] Level 1:colcon.colcon_core.package_identification:_identify(src) by extensions ['cmake', 'python']
[0.136s] Level 1:colcon.colcon_core.package_identification:_identify(src) by extension 'cmake'
[0.136s] Level 1:colcon.colcon_core.package_identification:_identify(src) by extension 'python'
[0.136s] Level 1:colcon.colcon_core.package_identification:_identify(src) by extensions ['python_setup_py']
[0.136s] Level 1:colcon.colcon_core.package_identification:_identify(src) by extension 'python_setup_py'
[0.136s] Level 1:colcon.colcon_core.package_identification:_identify(src/build) by extensions ['ignore', 'ignore_ament_install']
[0.136s] Level 1:colcon.colcon_core.package_identification:_identify(src/build) by extension 'ignore'
[0.136s] Level 1:colcon.colcon_core.package_identification:_identify(src/build) ignored
[0.136s] Level 1:colcon.colcon_core.package_identification:_identify(src/fyp) by extensions ['ignore', 'ignore_ament_install']
[0.136s] Level 1:colcon.colcon_core.package_identification:_identify(src/fyp) by extension 'ignore'
[0.136s] Level 1:colcon.colcon_core.package_identification:_identify(src/fyp) by extension 'ignore_ament_install'
[0.136s] Level 1:colcon.colcon_core.package_identification:_identify(src/fyp) by extensions ['colcon_pkg']
[0.136s] Level 1:colcon.colcon_core.package_identification:_identify(src/fyp) by extension 'colcon_pkg'
[0.136s] Level 1:colcon.colcon_core.package_identification:_identify(src/fyp) by extensions ['colcon_meta']
[0.136s] Level 1:colcon.colcon_core.package_identification:_identify(src/fyp) by extension 'colcon_meta'
[0.136s] Level 1:colcon.colcon_core.package_identification:_identify(src/fyp) by extensions ['ros']
[0.136s] Level 1:colcon.colcon_core.package_identification:_identify(src/fyp) by extension 'ros'
[0.136s] Level 1:colcon.colcon_core.package_identification:_identify(src/fyp) by extensions ['cmake', 'python']
[0.136s] Level 1:colcon.colcon_core.package_identification:_identify(src/fyp) by extension 'cmake'
[0.136s] Level 1:colcon.colcon_core.package_identification:_identify(src/fyp) by extension 'python'
[0.136s] Level 1:colcon.colcon_core.package_identification:_identify(src/fyp) by extensions ['python_setup_py']
[0.136s] Level 1:colcon.colcon_core.package_identification:_identify(src/fyp) by extension 'python_setup_py'
[0.136s] Level 1:colcon.colcon_core.package_identification:_identify(src/fyp/src) by extensions ['ignore', 'ignore_ament_install']
[0.136s] Level 1:colcon.colcon_core.package_identification:_identify(src/fyp/src) by extension 'ignore'
[0.136s] Level 1:colcon.colcon_core.package_identification:_identify(src/fyp/src) by extension 'ignore_ament_install'
[0.136s] Level 1:colcon.colcon_core.package_identification:_identify(src/fyp/src) by extensions ['colcon_pkg']
[0.136s] Level 1:colcon.colcon_core.package_identification:_identify(src/fyp/src) by extension 'colcon_pkg'
[0.136s] Level 1:colcon.colcon_core.package_identification:_identify(src/fyp/src) by extensions ['colcon_meta']
[0.136s] Level 1:colcon.colcon_core.package_identification:_identify(src/fyp/src) by extension 'colcon_meta'
[0.136s] Level 1:colcon.colcon_core.package_identification:_identify(src/fyp/src) by extensions ['ros']
[0.136s] Level 1:colcon.colcon_core.package_identification:_identify(src/fyp/src) by extension 'ros'
[0.136s] Level 1:colcon.colcon_core.package_identification:_identify(src/fyp/src) by extensions ['cmake', 'python']
[0.136s] Level 1:colcon.colcon_core.package_identification:_identify(src/fyp/src) by extension 'cmake'
[0.136s] Level 1:colcon.colcon_core.package_identification:_identify(src/fyp/src) by extension 'python'
[0.136s] Level 1:colcon.colcon_core.package_identification:_identify(src/fyp/src) by extensions ['python_setup_py']
[0.136s] Level 1:colcon.colcon_core.package_identification:_identify(src/fyp/src) by extension 'python_setup_py'
[0.136s] Level 1:colcon.colcon_core.package_identification:_identify(src/fyp/src/fyp_autonomous_car) by extensions ['ignore', 'ignore_ament_install']
[0.136s] Level 1:colcon.colcon_core.package_identification:_identify(src/fyp/src/fyp_autonomous_car) by extension 'ignore'
[0.136s] Level 1:colcon.colcon_core.package_identification:_identify(src/fyp/src/fyp_autonomous_car) by extension 'ignore_ament_install'
[0.136s] Level 1:colcon.colcon_core.package_identification:_identify(src/fyp/src/fyp_autonomous_car) by extensions ['colcon_pkg']
[0.136s] Level 1:colcon.colcon_core.package_identification:_identify(src/fyp/src/fyp_autonomous_car) by extension 'colcon_pkg'
[0.136s] Level 1:colcon.colcon_core.package_identification:_identify(src/fyp/src/fyp_autonomous_car) by extensions ['colcon_meta']
[0.136s] Level 1:colcon.colcon_core.package_identification:_identify(src/fyp/src/fyp_autonomous_car) by extension 'colcon_meta'
[0.136s] Level 1:colcon.colcon_core.package_identification:_identify(src/fyp/src/fyp_autonomous_car) by extensions ['ros']
[0.136s] Level 1:colcon.colcon_core.package_identification:_identify(src/fyp/src/fyp_autonomous_car) by extension 'ros'
[0.137s] Level 1:colcon.colcon_core.package_identification:_identify(src/fyp/src/fyp_autonomous_car) by extensions ['cmake', 'python']
[0.137s] Level 1:colcon.colcon_core.package_identification:_identify(src/fyp/src/fyp_autonomous_car) by extension 'cmake'
[0.137s] Level 1:colcon.colcon_core.package_identification:_identify(src/fyp/src/fyp_autonomous_car) by extension 'python'
[0.137s] Level 1:colcon.colcon_core.package_identification:_identify(src/fyp/src/fyp_autonomous_car) by extensions ['python_setup_py']
[0.137s] Level 1:colcon.colcon_core.package_identification:_identify(src/fyp/src/fyp_autonomous_car) by extension 'python_setup_py'
[0.137s] Level 1:colcon.colcon_core.package_identification:_identify(src/fyp/src/fyp_autonomous_car/launch) by extensions ['ignore', 'ignore_ament_install']
[0.137s] Level 1:colcon.colcon_core.package_identification:_identify(src/fyp/src/fyp_autonomous_car/launch) by extension 'ignore'
[0.137s] Level 1:colcon.colcon_core.package_identification:_identify(src/fyp/src/fyp_autonomous_car/launch) by extension 'ignore_ament_install'
[0.137s] Level 1:colcon.colcon_core.package_identification:_identify(src/fyp/src/fyp_autonomous_car/launch) by extensions ['colcon_pkg']
[0.137s] Level 1:colcon.colcon_core.package_identification:_identify(src/fyp/src/fyp_autonomous_car/launch) by extension 'colcon_pkg'
[0.137s] Level 1:colcon.colcon_core.package_identification:_identify(src/fyp/src/fyp_autonomous_car/launch) by extensions ['colcon_meta']
[0.137s] Level 1:colcon.colcon_core.package_identification:_identify(src/fyp/src/fyp_autonomous_car/launch) by extension 'colcon_meta'
[0.137s] Level 1:colcon.colcon_core.package_identification:_identify(src/fyp/src/fyp_autonomous_car/launch) by extensions ['ros']
[0.137s] Level 1:colcon.colcon_core.package_identification:_identify(src/fyp/src/fyp_autonomous_car/launch) by extension 'ros'
[0.137s] Level 1:colcon.colcon_core.package_identification:_identify(src/fyp/src/fyp_autonomous_car/launch) by extensions ['cmake', 'python']
[0.137s] Level 1:colcon.colcon_core.package_identification:_identify(src/fyp/src/fyp_autonomous_car/launch) by extension 'cmake'
[0.137s] Level 1:colcon.colcon_core.package_identification:_identify(src/fyp/src/fyp_autonomous_car/launch) by extension 'python'
[0.137s] Level 1:colcon.colcon_core.package_identification:_identify(src/fyp/src/fyp_autonomous_car/launch) by extensions ['python_setup_py']
[0.137s] Level 1:colcon.colcon_core.package_identification:_identify(src/fyp/src/fyp_autonomous_car/launch) by extension 'python_setup_py'
[0.137s] Level 1:colcon.colcon_core.package_identification:_identify(src/fyp_autonomous_car) by extensions ['ignore', 'ignore_ament_install']
[0.137s] Level 1:colcon.colcon_core.package_identification:_identify(src/fyp_autonomous_car) by extension 'ignore'
[0.137s] Level 1:colcon.colcon_core.package_identification:_identify(src/fyp_autonomous_car) by extension 'ignore_ament_install'
[0.137s] Level 1:colcon.colcon_core.package_identification:_identify(src/fyp_autonomous_car) by extensions ['colcon_pkg']
[0.137s] Level 1:colcon.colcon_core.package_identification:_identify(src/fyp_autonomous_car) by extension 'colcon_pkg'
[0.137s] Level 1:colcon.colcon_core.package_identification:_identify(src/fyp_autonomous_car) by extensions ['colcon_meta']
[0.137s] Level 1:colcon.colcon_core.package_identification:_identify(src/fyp_autonomous_car) by extension 'colcon_meta'
[0.137s] Level 1:colcon.colcon_core.package_identification:_identify(src/fyp_autonomous_car) by extensions ['ros']
[0.137s] Level 1:colcon.colcon_core.package_identification:_identify(src/fyp_autonomous_car) by extension 'ros'
[0.138s] DEBUG:colcon.colcon_core.package_identification:Package 'src/fyp_autonomous_car' with type 'ros.ament_python' and name 'fyp_autonomous_car'
[0.138s] Level 1:colcon.colcon_core.package_identification:_identify(src/fyp_models) by extensions ['ignore', 'ignore_ament_install']
[0.138s] Level 1:colcon.colcon_core.package_identification:_identify(src/fyp_models) by extension 'ignore'
[0.138s] Level 1:colcon.colcon_core.package_identification:_identify(src/fyp_models) by extension 'ignore_ament_install'
[0.138s] Level 1:colcon.colcon_core.package_identification:_identify(src/fyp_models) by extensions ['colcon_pkg']
[0.138s] Level 1:colcon.colcon_core.package_identification:_identify(src/fyp_models) by extension 'colcon_pkg'
[0.138s] Level 1:colcon.colcon_core.package_identification:_identify(src/fyp_models) by extensions ['colcon_meta']
[0.138s] Level 1:colcon.colcon_core.package_identification:_identify(src/fyp_models) by extension 'colcon_meta'
[0.138s] Level 1:colcon.colcon_core.package_identification:_identify(src/fyp_models) by extensions ['ros']
[0.138s] Level 1:colcon.colcon_core.package_identification:_identify(src/fyp_models) by extension 'ros'
[0.139s] DEBUG:colcon.colcon_core.package_identification:Package 'src/fyp_models' with type 'ros.ament_cmake' and name 'fyp_models'
[0.139s] Level 1:colcon.colcon_core.package_identification:_identify(src/install) by extensions ['ignore', 'ignore_ament_install']
[0.139s] Level 1:colcon.colcon_core.package_identification:_identify(src/install) by extension 'ignore'
[0.139s] Level 1:colcon.colcon_core.package_identification:_identify(src/install) ignored
[0.139s] Level 1:colcon.colcon_core.package_identification:_identify(src/log) by extensions ['ignore', 'ignore_ament_install']
[0.139s] Level 1:colcon.colcon_core.package_identification:_identify(src/log) by extension 'ignore'
[0.139s] Level 1:colcon.colcon_core.package_identification:_identify(src/log) ignored
[0.139s] Level 1:colcon.colcon_core.package_identification:_identify(src/videoOutputsCar) by extensions ['ignore', 'ignore_ament_install']
[0.139s] Level 1:colcon.colcon_core.package_identification:_identify(src/videoOutputsCar) by extension 'ignore'
[0.139s] Level 1:colcon.colcon_core.package_identification:_identify(src/videoOutputsCar) by extension 'ignore_ament_install'
[0.139s] Level 1:colcon.colcon_core.package_identification:_identify(src/videoOutputsCar) by extensions ['colcon_pkg']
[0.139s] Level 1:colcon.colcon_core.package_identification:_identify(src/videoOutputsCar) by extension 'colcon_pkg'
[0.139s] Level 1:colcon.colcon_core.package_identification:_identify(src/videoOutputsCar) by extensions ['colcon_meta']
[0.139s] Level 1:colcon.colcon_core.package_identification:_identify(src/videoOutputsCar) by extension 'colcon_meta'
[0.139s] Level 1:colcon.colcon_core.package_identification:_identify(src/videoOutputsCar) by extensions ['ros']
[0.139s] Level 1:colcon.colcon_core.package_identification:_identify(src/videoOutputsCar) by extension 'ros'
[0.139s] Level 1:colcon.colcon_core.package_identification:_identify(src/videoOutputsCar) by extensions ['cmake', 'python']
[0.139s] Level 1:colcon.colcon_core.package_identification:_identify(src/videoOutputsCar) by extension 'cmake'
[0.139s] Level 1:colcon.colcon_core.package_identification:_identify(src/videoOutputsCar) by extension 'python'
[0.139s] Level 1:colcon.colcon_core.package_identification:_identify(src/videoOutputsCar) by extensions ['python_setup_py']
[0.139s] Level 1:colcon.colcon_core.package_identification:_identify(src/videoOutputsCar) by extension 'python_setup_py'
[0.139s] Level 1:colcon.colcon_core.package_identification:_identify(videoOutputsCar) by extensions ['ignore', 'ignore_ament_install']
[0.139s] Level 1:colcon.colcon_core.package_identification:_identify(videoOutputsCar) by extension 'ignore'
[0.139s] Level 1:colcon.colcon_core.package_identification:_identify(videoOutputsCar) by extension 'ignore_ament_install'
[0.139s] Level 1:colcon.colcon_core.package_identification:_identify(videoOutputsCar) by extensions ['colcon_pkg']
[0.139s] Level 1:colcon.colcon_core.package_identification:_identify(videoOutputsCar) by extension 'colcon_pkg'
[0.139s] Level 1:colcon.colcon_core.package_identification:_identify(videoOutputsCar) by extensions ['colcon_meta']
[0.139s] Level 1:colcon.colcon_core.package_identification:_identify(videoOutputsCar) by extension 'colcon_meta'
[0.139s] Level 1:colcon.colcon_core.package_identification:_identify(videoOutputsCar) by extensions ['ros']
[0.139s] Level 1:colcon.colcon_core.package_identification:_identify(videoOutputsCar) by extension 'ros'
[0.139s] Level 1:colcon.colcon_core.package_identification:_identify(videoOutputsCar) by extensions ['cmake', 'python']
[0.139s] Level 1:colcon.colcon_core.package_identification:_identify(videoOutputsCar) by extension 'cmake'
[0.139s] Level 1:colcon.colcon_core.package_identification:_identify(videoOutputsCar) by extension 'python'
[0.139s] Level 1:colcon.colcon_core.package_identification:_identify(videoOutputsCar) by extensions ['python_setup_py']
[0.139s] Level 1:colcon.colcon_core.package_identification:_identify(videoOutputsCar) by extension 'python_setup_py'
[0.140s] Level 1:colcon.colcon_core.package_discovery:discover_packages(recursive) using defaults
[0.140s] Level 1:colcon.colcon_core.package_discovery:discover_packages(ignore) discover
[0.140s] Level 1:colcon.colcon_core.package_discovery:discover_packages(ignore) using defaults
[0.140s] Level 1:colcon.colcon_core.package_discovery:discover_packages(path) discover
[0.140s] Level 1:colcon.colcon_core.package_discovery:discover_packages(path) using defaults
[0.150s] INFO:colcon.colcon_core.package_selection:Skipping not selected package 'fyp_models' in 'src/fyp_models'
[0.150s] Level 1:colcon.colcon_core.package_discovery:discover_packages(prefix_path) check parameters
[0.150s] Level 1:colcon.colcon_core.package_discovery:discover_packages(prefix_path) discover
[0.151s] DEBUG:colcon.colcon_installed_package_information.package_discovery:Found 1 installed packages in /home/tudor/Desktop/install
[0.151s] DEBUG:colcon.colcon_installed_package_information.package_discovery:Found 2 installed packages in /home/tudor/Desktop/fyp/install
[0.152s] DEBUG:colcon.colcon_installed_package_information.package_discovery:Found 279 installed packages in /opt/ros/humble
[0.153s] Level 1:colcon.colcon_core.package_discovery:discover_packages(prefix_path) using defaults
[0.176s] Level 5:colcon.colcon_core.verb:set package 'fyp_autonomous_car' build argument 'cmake_args' from command line to 'None'
[0.176s] Level 5:colcon.colcon_core.verb:set package 'fyp_autonomous_car' build argument 'cmake_target' from command line to 'None'
[0.176s] Level 5:colcon.colcon_core.verb:set package 'fyp_autonomous_car' build argument 'cmake_target_skip_unavailable' from command line to 'False'
[0.176s] Level 5:colcon.colcon_core.verb:set package 'fyp_autonomous_car' build argument 'cmake_clean_cache' from command line to 'False'
[0.176s] Level 5:colcon.colcon_core.verb:set package 'fyp_autonomous_car' build argument 'cmake_clean_first' from command line to 'False'
[0.176s] Level 5:colcon.colcon_core.verb:set package 'fyp_autonomous_car' build argument 'cmake_force_configure' from command line to 'False'
[0.176s] Level 5:colcon.colcon_core.verb:set package 'fyp_autonomous_car' build argument 'ament_cmake_args' from command line to 'None'
[0.176s] Level 5:colcon.colcon_core.verb:set package 'fyp_autonomous_car' build argument 'catkin_cmake_args' from command line to 'None'
[0.176s] Level 5:colcon.colcon_core.verb:set package 'fyp_autonomous_car' build argument 'catkin_skip_building_tests' from command line to 'False'
[0.176s] DEBUG:colcon.colcon_core.verb:Building package 'fyp_autonomous_car' with the following arguments: {'ament_cmake_args': None, 'build_base': '/home/tudor/Desktop/fyp/build/fyp_autonomous_car', 'catkin_cmake_args': None, 'catkin_skip_building_tests': False, 'cmake_args': None, 'cmake_clean_cache': False, 'cmake_clean_first': False, 'cmake_force_configure': False, 'cmake_target': None, 'cmake_target_skip_unavailable': False, 'install_base': '/home/tudor/Desktop/fyp/install/fyp_autonomous_car', 'merge_install': False, 'path': '/home/tudor/Desktop/fyp/src/fyp_autonomous_car', 'symlink_install': False, 'test_result_base': None}
[0.176s] INFO:colcon.colcon_core.executor:Executing jobs using 'parallel' executor
[0.177s] DEBUG:colcon.colcon_parallel_executor.executor.parallel:run_until_complete
[0.177s] INFO:colcon.colcon_ros.task.ament_python.build:Building ROS package in '/home/tudor/Desktop/fyp/src/fyp_autonomous_car' with build type 'ament_python'
[0.177s] Level 1:colcon.colcon_core.shell:create_environment_hook('fyp_autonomous_car', 'ament_prefix_path')
[0.178s] INFO:colcon.colcon_core.plugin_system:Skipping extension 'colcon_core.shell.bat': Not used on non-Windows systems
[0.178s] INFO:colcon.colcon_core.shell:Creating environment hook '/home/tudor/Desktop/fyp/install/fyp_autonomous_car/share/fyp_autonomous_car/hook/ament_prefix_path.ps1'
[0.179s] INFO:colcon.colcon_core.shell:Creating environment descriptor '/home/tudor/Desktop/fyp/install/fyp_autonomous_car/share/fyp_autonomous_car/hook/ament_prefix_path.dsv'
[0.179s] INFO:colcon.colcon_core.shell:Creating environment hook '/home/tudor/Desktop/fyp/install/fyp_autonomous_car/share/fyp_autonomous_car/hook/ament_prefix_path.sh'
[0.179s] INFO:colcon.colcon_core.shell:Skip shell extension 'powershell' for command environment: Not usable outside of PowerShell
[0.180s] DEBUG:colcon.colcon_core.shell:Skip shell extension 'dsv' for command environment
[0.309s] INFO:colcon.colcon_core.task.python.build:Building Python package in '/home/tudor/Desktop/fyp/src/fyp_autonomous_car'
[0.310s] INFO:colcon.colcon_core.shell:Skip shell extension 'powershell' for command environment: Not usable outside of PowerShell
[0.310s] DEBUG:colcon.colcon_core.shell:Skip shell extension 'dsv' for command environment
[0.479s] DEBUG:colcon.colcon_core.event_handler.log_command:Invoking command in '/home/tudor/Desktop/fyp/src/fyp_autonomous_car': PYTHONPATH=/home/tudor/Desktop/fyp/build/fyp_autonomous_car/prefix_override:/usr/lib/python3/dist-packages/colcon_core/task/python/colcon_distutils_commands:/home/tudor/Desktop/fyp/install/fyp_autonomous_car/lib/python3.10/site-packages:${PYTHONPATH} /usr/bin/python3 -W ignore:setup.py install is deprecated -W ignore:easy_install command is deprecated setup.py egg_info --egg-base ../../build/fyp_autonomous_car build --build-base /home/tudor/Desktop/fyp/build/fyp_autonomous_car/build install --record /home/tudor/Desktop/fyp/build/fyp_autonomous_car/install.log --single-version-externally-managed install_data
[0.621s] DEBUG:colcon.colcon_core.event_handler.log_command:Invoked command in '/home/tudor/Desktop/fyp/src/fyp_autonomous_car' returned '0': PYTHONPATH=/home/tudor/Desktop/fyp/build/fyp_autonomous_car/prefix_override:/usr/lib/python3/dist-packages/colcon_core/task/python/colcon_distutils_commands:/home/tudor/Desktop/fyp/install/fyp_autonomous_car/lib/python3.10/site-packages:${PYTHONPATH} /usr/bin/python3 -W ignore:setup.py install is deprecated -W ignore:easy_install command is deprecated setup.py egg_info --egg-base ../../build/fyp_autonomous_car build --build-base /home/tudor/Desktop/fyp/build/fyp_autonomous_car/build install --record /home/tudor/Desktop/fyp/build/fyp_autonomous_car/install.log --single-version-externally-managed install_data
[0.623s] Level 1:colcon.colcon_core.environment:checking '/home/tudor/Desktop/fyp/install/fyp_autonomous_car' for CMake module files
[0.624s] Level 1:colcon.colcon_core.environment:checking '/home/tudor/Desktop/fyp/install/fyp_autonomous_car' for CMake config files
[0.624s] Level 1:colcon.colcon_core.environment:checking '/home/tudor/Desktop/fyp/install/fyp_autonomous_car/lib'
[0.624s] Level 1:colcon.colcon_core.environment:checking '/home/tudor/Desktop/fyp/install/fyp_autonomous_car/bin'
[0.624s] Level 1:colcon.colcon_core.environment:checking '/home/tudor/Desktop/fyp/install/fyp_autonomous_car/lib/pkgconfig/fyp_autonomous_car.pc'
[0.624s] Level 1:colcon.colcon_core.environment:checking '/home/tudor/Desktop/fyp/install/fyp_autonomous_car/lib/python3.10/site-packages'
[0.624s] Level 1:colcon.colcon_core.shell:create_environment_hook('fyp_autonomous_car', 'pythonpath')
[0.625s] INFO:colcon.colcon_core.shell:Creating environment hook '/home/tudor/Desktop/fyp/install/fyp_autonomous_car/share/fyp_autonomous_car/hook/pythonpath.ps1'
[0.625s] INFO:colcon.colcon_core.shell:Creating environment descriptor '/home/tudor/Desktop/fyp/install/fyp_autonomous_car/share/fyp_autonomous_car/hook/pythonpath.dsv'
[0.625s] INFO:colcon.colcon_core.shell:Creating environment hook '/home/tudor/Desktop/fyp/install/fyp_autonomous_car/share/fyp_autonomous_car/hook/pythonpath.sh'
[0.625s] Level 1:colcon.colcon_core.environment:checking '/home/tudor/Desktop/fyp/install/fyp_autonomous_car/bin'
[0.626s] Level 1:colcon.colcon_core.environment:create_environment_scripts_only(fyp_autonomous_car)
[0.626s] INFO:colcon.colcon_core.shell:Creating package script '/home/tudor/Desktop/fyp/install/fyp_autonomous_car/share/fyp_autonomous_car/package.ps1'
[0.626s] INFO:colcon.colcon_core.shell:Creating package descriptor '/home/tudor/Desktop/fyp/install/fyp_autonomous_car/share/fyp_autonomous_car/package.dsv'
[0.626s] INFO:colcon.colcon_core.shell:Creating package script '/home/tudor/Desktop/fyp/install/fyp_autonomous_car/share/fyp_autonomous_car/package.sh'
[0.627s] INFO:colcon.colcon_core.shell:Creating package script '/home/tudor/Desktop/fyp/install/fyp_autonomous_car/share/fyp_autonomous_car/package.bash'
[0.627s] INFO:colcon.colcon_core.shell:Creating package script '/home/tudor/Desktop/fyp/install/fyp_autonomous_car/share/fyp_autonomous_car/package.zsh'
[0.628s] Level 1:colcon.colcon_core.environment:create_file_with_runtime_dependencies(/home/tudor/Desktop/fyp/install/fyp_autonomous_car/share/colcon-core/packages/fyp_autonomous_car)
[0.628s] DEBUG:colcon.colcon_parallel_executor.executor.parallel:closing loop
[0.628s] DEBUG:colcon.colcon_parallel_executor.executor.parallel:loop closed
[0.628s] DEBUG:colcon.colcon_parallel_executor.executor.parallel:run_until_complete finished with '0'
[0.628s] DEBUG:colcon.colcon_core.event_reactor:joining thread
[0.632s] INFO:colcon.colcon_core.plugin_system:Skipping extension 'colcon_notification.desktop_notification.terminal_notifier': Not used on non-Darwin systems
[0.632s] INFO:colcon.colcon_core.plugin_system:Skipping extension 'colcon_notification.desktop_notification.win32': Not used on non-Windows systems
[0.632s] INFO:colcon.colcon_notification.desktop_notification:Sending desktop notification using 'notify2'
[0.639s] DEBUG:colcon.colcon_core.event_reactor:joined thread
[0.639s] INFO:colcon.colcon_core.shell:Creating prefix script '/home/tudor/Desktop/fyp/install/local_setup.ps1'
[0.640s] INFO:colcon.colcon_core.shell:Creating prefix util module '/home/tudor/Desktop/fyp/install/_local_setup_util_ps1.py'
[0.641s] INFO:colcon.colcon_core.shell:Creating prefix chain script '/home/tudor/Desktop/fyp/install/setup.ps1'
[0.642s] INFO:colcon.colcon_core.shell:Creating prefix script '/home/tudor/Desktop/fyp/install/local_setup.sh'
[0.642s] INFO:colcon.colcon_core.shell:Creating prefix util module '/home/tudor/Desktop/fyp/install/_local_setup_util_sh.py'
[0.642s] INFO:colcon.colcon_core.shell:Creating prefix chain script '/home/tudor/Desktop/fyp/install/setup.sh'
[0.643s] INFO:colcon.colcon_core.shell:Creating prefix script '/home/tudor/Desktop/fyp/install/local_setup.bash'
[0.643s] INFO:colcon.colcon_core.shell:Creating prefix chain script '/home/tudor/Desktop/fyp/install/setup.bash'
[0.644s] INFO:colcon.colcon_core.shell:Creating prefix script '/home/tudor/Desktop/fyp/install/local_setup.zsh'
[0.644s] INFO:colcon.colcon_core.shell:Creating prefix chain script '/home/tudor/Desktop/fyp/install/setup.zsh'
