-- Install configuration: ""
-- Up-to-date: /home/tudor/Desktop/fyp/install/fyp_models/share/fyp_models/models
-- Up-to-date: /home/tudor/Desktop/fyp/install/fyp_models/share/fyp_models/models/trafficSign
-- Up-to-date: /home/tudor/Desktop/fyp/install/fyp_models/share/fyp_models/models/trafficSign/model.sdf
-- Up-to-date: /home/tudor/Desktop/fyp/install/fyp_models/share/fyp_models/models/trafficSign/materials
-- Up-to-date: /home/tudor/Desktop/fyp/install/fyp_models/share/fyp_models/models/trafficSign/materials/._.DS_Store
-- Up-to-date: /home/tudor/Desktop/fyp/install/fyp_models/share/fyp_models/models/trafficSign/materials/textures
-- Up-to-date: /home/tudor/Desktop/fyp/install/fyp_models/share/fyp_models/models/trafficSign/materials/textures/._speed_limit.png
-- Up-to-date: /home/tudor/Desktop/fyp/install/fyp_models/share/fyp_models/models/trafficSign/materials/textures/speed_limit.png
-- Up-to-date: /home/tudor/Desktop/fyp/install/fyp_models/share/fyp_models/models/trafficSign/materials/scripts
-- Up-to-date: /home/tudor/Desktop/fyp/install/fyp_models/share/fyp_models/models/trafficSign/materials/scripts/trafficSign.material
-- Up-to-date: /home/tudor/Desktop/fyp/install/fyp_models/share/fyp_models/models/trafficSign/meshes
-- Up-to-date: /home/tudor/Desktop/fyp/install/fyp_models/share/fyp_models/models/trafficSign/meshes/stand.obj
-- Up-to-date: /home/tudor/Desktop/fyp/install/fyp_models/share/fyp_models/models/trafficSign/meshes/sign.obj
-- Up-to-date: /home/tudor/Desktop/fyp/install/fyp_models/share/fyp_models/models/trafficSign/._.DS_Store
-- Up-to-date: /home/tudor/Desktop/fyp/install/fyp_models/share/fyp_models/models/trafficSign/model.config
-- Up-to-date: /home/tudor/Desktop/fyp/install/fyp_models/share/fyp_models/models/stopSign
-- Up-to-date: /home/tudor/Desktop/fyp/install/fyp_models/share/fyp_models/models/stopSign/model.sdf
-- Up-to-date: /home/tudor/Desktop/fyp/install/fyp_models/share/fyp_models/models/stopSign/materials
-- Up-to-date: /home/tudor/Desktop/fyp/install/fyp_models/share/fyp_models/models/stopSign/materials/._.DS_Store
-- Up-to-date: /home/tudor/Desktop/fyp/install/fyp_models/share/fyp_models/models/stopSign/materials/textures
-- Up-to-date: /home/tudor/Desktop/fyp/install/fyp_models/share/fyp_models/models/stopSign/materials/textures/._stop.png
-- Up-to-date: /home/tudor/Desktop/fyp/install/fyp_models/share/fyp_models/models/stopSign/materials/textures/stop.png
-- Up-to-date: /home/tudor/Desktop/fyp/install/fyp_models/share/fyp_models/models/stopSign/materials/scripts
-- Up-to-date: /home/tudor/Desktop/fyp/install/fyp_models/share/fyp_models/models/stopSign/materials/scripts/stopSign.material
-- Up-to-date: /home/tudor/Desktop/fyp/install/fyp_models/share/fyp_models/models/stopSign/._.DS_Store
-- Up-to-date: /home/tudor/Desktop/fyp/install/fyp_models/share/fyp_models/models/stopSign/model.config
-- Up-to-date: /home/tudor/Desktop/fyp/install/fyp_models/share/fyp_models/models/priusHybrid
-- Installing: /home/tudor/Desktop/fyp/install/fyp_models/share/fyp_models/models/priusHybrid/model.sdf
-- Up-to-date: /home/tudor/Desktop/fyp/install/fyp_models/share/fyp_models/models/priusHybrid/materials
-- Up-to-date: /home/tudor/Desktop/fyp/install/fyp_models/share/fyp_models/models/priusHybrid/materials/textures
-- Up-to-date: /home/tudor/Desktop/fyp/install/fyp_models/share/fyp_models/models/priusHybrid/materials/textures/Wheels3.png
-- Up-to-date: /home/tudor/Desktop/fyp/install/fyp_models/share/fyp_models/models/priusHybrid/materials/textures/Hybrid.png
-- Up-to-date: /home/tudor/Desktop/fyp/install/fyp_models/share/fyp_models/models/priusHybrid/materials/textures/Hybrid_Interior.png
-- Up-to-date: /home/tudor/Desktop/fyp/install/fyp_models/share/fyp_models/models/priusHybrid/meshes
-- Up-to-date: /home/tudor/Desktop/fyp/install/fyp_models/share/fyp_models/models/priusHybrid/meshes/Hybrid.mtl
-- Up-to-date: /home/tudor/Desktop/fyp/install/fyp_models/share/fyp_models/models/priusHybrid/meshes/Hybrid.obj
-- Up-to-date: /home/tudor/Desktop/fyp/install/fyp_models/share/fyp_models/models/priusHybrid/model.config
-- Up-to-date: /home/tudor/Desktop/fyp/install/fyp_models/share/fyp_models/models/traffic_light
-- Up-to-date: /home/tudor/Desktop/fyp/install/fyp_models/share/fyp_models/models/traffic_light/model.sdf
-- Up-to-date: /home/tudor/Desktop/fyp/install/fyp_models/share/fyp_models/models/traffic_light/model.config
-- Up-to-date: /home/tudor/Desktop/fyp/install/fyp_models/share/fyp_models/models/trafficLight
-- Up-to-date: /home/tudor/Desktop/fyp/install/fyp_models/share/fyp_models/models/trafficLight/model.sdf
-- Up-to-date: /home/tudor/Desktop/fyp/install/fyp_models/share/fyp_models/models/trafficLight/model.config
-- Up-to-date: /home/tudor/Desktop/fyp/install/fyp_models/share/fyp_models/models/speed_limit_20.png
-- Up-to-date: /home/tudor/Desktop/fyp/install/fyp_models/share/fyp_models/models/._stop.png
-- Up-to-date: /home/tudor/Desktop/fyp/install/fyp_models/share/fyp_models/models/red-light
-- Up-to-date: /home/tudor/Desktop/fyp/install/fyp_models/share/fyp_models/models/red-light/model.sdf
-- Up-to-date: /home/tudor/Desktop/fyp/install/fyp_models/share/fyp_models/models/red-light/model.config
-- Up-to-date: /home/tudor/Desktop/fyp/install/fyp_models/share/fyp_models/models/RoadV2
-- Up-to-date: /home/tudor/Desktop/fyp/install/fyp_models/share/fyp_models/models/RoadV2/model.sdf
-- Up-to-date: /home/tudor/Desktop/fyp/install/fyp_models/share/fyp_models/models/RoadV2/materials
-- Up-to-date: /home/tudor/Desktop/fyp/install/fyp_models/share/fyp_models/models/RoadV2/materials/textures
-- Up-to-date: /home/tudor/Desktop/fyp/install/fyp_models/share/fyp_models/models/RoadV2/materials/textures/roadDesign.png
-- Up-to-date: /home/tudor/Desktop/fyp/install/fyp_models/share/fyp_models/models/RoadV2/materials/textures/._roadDesign.png
-- Up-to-date: /home/tudor/Desktop/fyp/install/fyp_models/share/fyp_models/models/RoadV2/materials/scripts
-- Up-to-date: /home/tudor/Desktop/fyp/install/fyp_models/share/fyp_models/models/RoadV2/materials/scripts/road.material
-- Up-to-date: /home/tudor/Desktop/fyp/install/fyp_models/share/fyp_models/models/RoadV2/meshes
-- Up-to-date: /home/tudor/Desktop/fyp/install/fyp_models/share/fyp_models/models/RoadV2/meshes/RoadExterior.dae
-- Up-to-date: /home/tudor/Desktop/fyp/install/fyp_models/share/fyp_models/models/RoadV2/meshes/RoadLane1.dae
-- Up-to-date: /home/tudor/Desktop/fyp/install/fyp_models/share/fyp_models/models/RoadV2/meshes/RoadLane2.dae
-- Up-to-date: /home/tudor/Desktop/fyp/install/fyp_models/share/fyp_models/models/RoadV2/meshes/RoadLane3.dae
-- Up-to-date: /home/tudor/Desktop/fyp/install/fyp_models/share/fyp_models/models/RoadV2/model.config
-- Up-to-date: /home/tudor/Desktop/fyp/install/fyp_models/share/fyp_models/models/turn_left.png
-- Up-to-date: /home/tudor/Desktop/fyp/install/fyp_models/share/fyp_models/models/._.DS_Store
-- Up-to-date: /home/tudor/Desktop/fyp/install/fyp_models/share/fyp_models/models/traffic_light_parts
-- Up-to-date: /home/tudor/Desktop/fyp/install/fyp_models/share/fyp_models/models/traffic_light_parts/meshes
-- Up-to-date: /home/tudor/Desktop/fyp/install/fyp_models/share/fyp_models/models/traffic_light_parts/meshes/lightBox.obj
-- Up-to-date: /home/tudor/Desktop/fyp/install/fyp_models/share/fyp_models/models/traffic_light_parts/meshes/lightStand.obj
-- Up-to-date: /home/tudor/Desktop/fyp/install/fyp_models/share/fyp_models/models/traffic_light_parts/model.config
-- Up-to-date: /home/tudor/Desktop/fyp/install/fyp_models/share/fyp_models/models/._speed_limit_20.png
-- Up-to-date: /home/tudor/Desktop/fyp/install/fyp_models/share/fyp_models/models/yellowLight
-- Up-to-date: /home/tudor/Desktop/fyp/install/fyp_models/share/fyp_models/models/yellowLight/model.sdf
-- Up-to-date: /home/tudor/Desktop/fyp/install/fyp_models/share/fyp_models/models/yellowLight/model.config
-- Up-to-date: /home/tudor/Desktop/fyp/install/fyp_models/share/fyp_models/models/redLight
-- Up-to-date: /home/tudor/Desktop/fyp/install/fyp_models/share/fyp_models/models/redLight/model.sdf
-- Up-to-date: /home/tudor/Desktop/fyp/install/fyp_models/share/fyp_models/models/redLight/model.config
-- Up-to-date: /home/tudor/Desktop/fyp/install/fyp_models/share/fyp_models/models/green-light
-- Up-to-date: /home/tudor/Desktop/fyp/install/fyp_models/share/fyp_models/models/green-light/model.sdf
-- Up-to-date: /home/tudor/Desktop/fyp/install/fyp_models/share/fyp_models/models/green-light/model.config
-- Up-to-date: /home/tudor/Desktop/fyp/install/fyp_models/share/fyp_models/models/turnLeftSign
-- Up-to-date: /home/tudor/Desktop/fyp/install/fyp_models/share/fyp_models/models/turnLeftSign/model.sdf
-- Up-to-date: /home/tudor/Desktop/fyp/install/fyp_models/share/fyp_models/models/turnLeftSign/materials
-- Up-to-date: /home/tudor/Desktop/fyp/install/fyp_models/share/fyp_models/models/turnLeftSign/materials/._.DS_Store
-- Up-to-date: /home/tudor/Desktop/fyp/install/fyp_models/share/fyp_models/models/turnLeftSign/materials/textures
-- Up-to-date: /home/tudor/Desktop/fyp/install/fyp_models/share/fyp_models/models/turnLeftSign/materials/textures/turn_left.png
-- Up-to-date: /home/tudor/Desktop/fyp/install/fyp_models/share/fyp_models/models/turnLeftSign/materials/textures/._turn_left.png
-- Up-to-date: /home/tudor/Desktop/fyp/install/fyp_models/share/fyp_models/models/turnLeftSign/materials/scripts
-- Up-to-date: /home/tudor/Desktop/fyp/install/fyp_models/share/fyp_models/models/turnLeftSign/materials/scripts/turnLeftSign.material
-- Up-to-date: /home/tudor/Desktop/fyp/install/fyp_models/share/fyp_models/models/turnLeftSign/._.DS_Store
-- Up-to-date: /home/tudor/Desktop/fyp/install/fyp_models/share/fyp_models/models/turnLeftSign/model.config
-- Up-to-date: /home/tudor/Desktop/fyp/install/fyp_models/share/fyp_models/models/._turn_left.png
-- Up-to-date: /home/tudor/Desktop/fyp/install/fyp_models/share/fyp_models/models/greenLight
-- Up-to-date: /home/tudor/Desktop/fyp/install/fyp_models/share/fyp_models/models/greenLight/model.sdf
-- Up-to-date: /home/tudor/Desktop/fyp/install/fyp_models/share/fyp_models/models/greenLight/model.config
-- Up-to-date: /home/tudor/Desktop/fyp/install/fyp_models/share/fyp_models/models/speedLimit20Sign
-- Up-to-date: /home/tudor/Desktop/fyp/install/fyp_models/share/fyp_models/models/speedLimit20Sign/model.sdf
-- Up-to-date: /home/tudor/Desktop/fyp/install/fyp_models/share/fyp_models/models/speedLimit20Sign/materials
-- Up-to-date: /home/tudor/Desktop/fyp/install/fyp_models/share/fyp_models/models/speedLimit20Sign/materials/._.DS_Store
-- Up-to-date: /home/tudor/Desktop/fyp/install/fyp_models/share/fyp_models/models/speedLimit20Sign/materials/textures
-- Up-to-date: /home/tudor/Desktop/fyp/install/fyp_models/share/fyp_models/models/speedLimit20Sign/materials/textures/speed_limit_20.png
-- Up-to-date: /home/tudor/Desktop/fyp/install/fyp_models/share/fyp_models/models/speedLimit20Sign/materials/textures/._speed_limit_20.png
-- Up-to-date: /home/tudor/Desktop/fyp/install/fyp_models/share/fyp_models/models/speedLimit20Sign/materials/scripts
-- Up-to-date: /home/tudor/Desktop/fyp/install/fyp_models/share/fyp_models/models/speedLimit20Sign/materials/scripts/speedLimit20Sign.material
-- Up-to-date: /home/tudor/Desktop/fyp/install/fyp_models/share/fyp_models/models/speedLimit20Sign/._.DS_Store
-- Up-to-date: /home/tudor/Desktop/fyp/install/fyp_models/share/fyp_models/models/speedLimit20Sign/model.config
-- Up-to-date: /home/tudor/Desktop/fyp/install/fyp_models/share/fyp_models/models/stop.png
-- Up-to-date: /home/tudor/Desktop/fyp/install/fyp_models/share/ament_index/resource_index/package_run_dependencies/fyp_models
-- Up-to-date: /home/tudor/Desktop/fyp/install/fyp_models/share/ament_index/resource_index/parent_prefix_path/fyp_models
-- Up-to-date: /home/tudor/Desktop/fyp/install/fyp_models/share/fyp_models/environment/ament_prefix_path.sh
-- Up-to-date: /home/tudor/Desktop/fyp/install/fyp_models/share/fyp_models/environment/ament_prefix_path.dsv
-- Up-to-date: /home/tudor/Desktop/fyp/install/fyp_models/share/fyp_models/environment/path.sh
-- Up-to-date: /home/tudor/Desktop/fyp/install/fyp_models/share/fyp_models/environment/path.dsv
-- Up-to-date: /home/tudor/Desktop/fyp/install/fyp_models/share/fyp_models/local_setup.bash
-- Up-to-date: /home/tudor/Desktop/fyp/install/fyp_models/share/fyp_models/local_setup.sh
-- Up-to-date: /home/tudor/Desktop/fyp/install/fyp_models/share/fyp_models/local_setup.zsh
-- Up-to-date: /home/tudor/Desktop/fyp/install/fyp_models/share/fyp_models/local_setup.dsv
-- Installing: /home/tudor/Desktop/fyp/install/fyp_models/share/fyp_models/package.dsv
-- Up-to-date: /home/tudor/Desktop/fyp/install/fyp_models/share/ament_index/resource_index/packages/fyp_models
-- Up-to-date: /home/tudor/Desktop/fyp/install/fyp_models/share/fyp_models/cmake/fyp_modelsConfig.cmake
-- Up-to-date: /home/tudor/Desktop/fyp/install/fyp_models/share/fyp_models/cmake/fyp_modelsConfig-version.cmake
-- Up-to-date: /home/tudor/Desktop/fyp/install/fyp_models/share/fyp_models/package.xml
