/home/tudor/Desktop/fyp/install/fyp_autonomous_car/lib/python3.10/site-packages/fyp_autonomous_car/driving_node.py
/home/tudor/Desktop/fyp/install/fyp_autonomous_car/lib/python3.10/site-packages/fyp_autonomous_car/videoOutput_node.py
/home/tudor/Desktop/fyp/install/fyp_autonomous_car/lib/python3.10/site-packages/fyp_autonomous_car/__init__.py
/home/tudor/Desktop/fyp/install/fyp_autonomous_car/lib/python3.10/site-packages/fyp_autonomous_car/drivingRobot.py
/home/tudor/Desktop/fyp/install/fyp_autonomous_car/lib/python3.10/site-packages/fyp_autonomous_car/carVision_node.py
/home/tudor/Desktop/fyp/install/fyp_autonomous_car/lib/python3.10/site-packages/fyp_autonomous_car/DetectionModule/__init__.py
/home/tudor/Desktop/fyp/install/fyp_autonomous_car/lib/python3.10/site-packages/fyp_autonomous_car/config/__init__.py
/home/tudor/Desktop/fyp/install/fyp_autonomous_car/lib/python3.10/site-packages/fyp_autonomous_car/config/config.py
/home/tudor/Desktop/fyp/install/fyp_autonomous_car/lib/python3.10/site-packages/fyp_autonomous_car/DetectionModule/Lane/segmentColor.py
/home/tudor/Desktop/fyp/install/fyp_autonomous_car/lib/python3.10/site-packages/fyp_autonomous_car/DetectionModule/Lane/laneDetection.py
/home/tudor/Desktop/fyp/install/fyp_autonomous_car/lib/python3.10/site-packages/fyp_autonomous_car/DetectionModule/Lane/__init__.py
/home/tudor/Desktop/fyp/install/fyp_autonomous_car/lib/python3.10/site-packages/fyp_autonomous_car/DetectionModule/Lane/morph.py
/home/tudor/Desktop/fyp/install/fyp_autonomous_car/lib/python3.10/site-packages/fyp_autonomous_car/__pycache__/driving_node.cpython-310.pyc
/home/tudor/Desktop/fyp/install/fyp_autonomous_car/lib/python3.10/site-packages/fyp_autonomous_car/__pycache__/videoOutput_node.cpython-310.pyc
/home/tudor/Desktop/fyp/install/fyp_autonomous_car/lib/python3.10/site-packages/fyp_autonomous_car/__pycache__/__init__.cpython-310.pyc
/home/tudor/Desktop/fyp/install/fyp_autonomous_car/lib/python3.10/site-packages/fyp_autonomous_car/__pycache__/drivingRobot.cpython-310.pyc
/home/tudor/Desktop/fyp/install/fyp_autonomous_car/lib/python3.10/site-packages/fyp_autonomous_car/__pycache__/carVision_node.cpython-310.pyc
/home/tudor/Desktop/fyp/install/fyp_autonomous_car/lib/python3.10/site-packages/fyp_autonomous_car/DetectionModule/__pycache__/__init__.cpython-310.pyc
/home/tudor/Desktop/fyp/install/fyp_autonomous_car/lib/python3.10/site-packages/fyp_autonomous_car/config/__pycache__/__init__.cpython-310.pyc
/home/tudor/Desktop/fyp/install/fyp_autonomous_car/lib/python3.10/site-packages/fyp_autonomous_car/config/__pycache__/config.cpython-310.pyc
/home/tudor/Desktop/fyp/install/fyp_autonomous_car/lib/python3.10/site-packages/fyp_autonomous_car/DetectionModule/Lane/__pycache__/segmentColor.cpython-310.pyc
/home/tudor/Desktop/fyp/install/fyp_autonomous_car/lib/python3.10/site-packages/fyp_autonomous_car/DetectionModule/Lane/__pycache__/laneDetection.cpython-310.pyc
/home/tudor/Desktop/fyp/install/fyp_autonomous_car/lib/python3.10/site-packages/fyp_autonomous_car/DetectionModule/Lane/__pycache__/__init__.cpython-310.pyc
/home/tudor/Desktop/fyp/install/fyp_autonomous_car/lib/python3.10/site-packages/fyp_autonomous_car/DetectionModule/Lane/__pycache__/morph.cpython-310.pyc
/home/tudor/Desktop/fyp/install/fyp_autonomous_car/share/ament_index/resource_index/packages/fyp_autonomous_car
/home/tudor/Desktop/fyp/install/fyp_autonomous_car/share/fyp_autonomous_car/package.xml
/home/tudor/Desktop/fyp/install/fyp_autonomous_car/share/fyp_autonomous_car/launch/gazebo.launch.py
/home/tudor/Desktop/fyp/install/fyp_autonomous_car/share/fyp_autonomous_car/launch/testingLaneDetection.launch.py
/home/tudor/Desktop/fyp/install/fyp_autonomous_car/share/fyp_autonomous_car/worlds/world_fyp.world
/home/tudor/Desktop/fyp/install/fyp_autonomous_car/lib/python3.10/site-packages/fyp_autonomous_car-0.0.0-py3.10.egg-info/PKG-INFO
/home/tudor/Desktop/fyp/install/fyp_autonomous_car/lib/python3.10/site-packages/fyp_autonomous_car-0.0.0-py3.10.egg-info/SOURCES.txt
/home/tudor/Desktop/fyp/install/fyp_autonomous_car/lib/python3.10/site-packages/fyp_autonomous_car-0.0.0-py3.10.egg-info/dependency_links.txt
/home/tudor/Desktop/fyp/install/fyp_autonomous_car/lib/python3.10/site-packages/fyp_autonomous_car-0.0.0-py3.10.egg-info/top_level.txt
/home/tudor/Desktop/fyp/install/fyp_autonomous_car/lib/python3.10/site-packages/fyp_autonomous_car-0.0.0-py3.10.egg-info/entry_points.txt
/home/tudor/Desktop/fyp/install/fyp_autonomous_car/lib/python3.10/site-packages/fyp_autonomous_car-0.0.0-py3.10.egg-info/requires.txt
/home/tudor/Desktop/fyp/install/fyp_autonomous_car/lib/python3.10/site-packages/fyp_autonomous_car-0.0.0-py3.10.egg-info/zip-safe
/home/tudor/Desktop/fyp/install/fyp_autonomous_car/lib/fyp_autonomous_car/carVision_node
/home/tudor/Desktop/fyp/install/fyp_autonomous_car/lib/fyp_autonomous_car/driving_node
/home/tudor/Desktop/fyp/install/fyp_autonomous_car/lib/fyp_autonomous_car/videoOutput_node
