[0.304s] Invoking command in '/home/tudor/Desktop/fyp/src/fyp_autonomous_car': PYTHONPATH=/home/tudor/Desktop/fyp/src/build/fyp_autonomous_car/prefix_override:/usr/lib/python3/dist-packages/colcon_core/task/python/colcon_distutils_commands:/home/tudor/Desktop/fyp/src/install/fyp_autonomous_car/lib/python3.10/site-packages:${PYTHONPATH} /usr/bin/python3 -W ignore:setup.py install is deprecated -W ignore:easy_install command is deprecated setup.py egg_info --egg-base ../build/fyp_autonomous_car build --build-base /home/tudor/Desktop/fyp/src/build/fyp_autonomous_car/build install --record /home/tudor/Desktop/fyp/src/build/fyp_autonomous_car/install.log --single-version-externally-managed install_data
[0.418s] running egg_info
[0.418s] creating ../build/fyp_autonomous_car/fyp_autonomous_car.egg-info
[0.418s] writing ../build/fyp_autonomous_car/fyp_autonomous_car.egg-info/PKG-INFO
[0.419s] writing dependency_links to ../build/fyp_autonomous_car/fyp_autonomous_car.egg-info/dependency_links.txt
[0.419s] writing entry points to ../build/fyp_autonomous_car/fyp_autonomous_car.egg-info/entry_points.txt
[0.419s] writing requirements to ../build/fyp_autonomous_car/fyp_autonomous_car.egg-info/requires.txt
[0.419s] writing top-level names to ../build/fyp_autonomous_car/fyp_autonomous_car.egg-info/top_level.txt
[0.419s] writing manifest file '../build/fyp_autonomous_car/fyp_autonomous_car.egg-info/SOURCES.txt'
[0.419s] reading manifest file '../build/fyp_autonomous_car/fyp_autonomous_car.egg-info/SOURCES.txt'
[0.419s] writing manifest file '../build/fyp_autonomous_car/fyp_autonomous_car.egg-info/SOURCES.txt'
[0.422s] running build
[0.422s] running install
[0.422s] running install_data
[0.422s] creating /home/tudor/Desktop/fyp/src/install/fyp_autonomous_car/share/ament_index
[0.422s] creating /home/tudor/Desktop/fyp/src/install/fyp_autonomous_car/share/ament_index/resource_index
[0.422s] creating /home/tudor/Desktop/fyp/src/install/fyp_autonomous_car/share/ament_index/resource_index/packages
[0.422s] copying resource/fyp_autonomous_car -> /home/tudor/Desktop/fyp/src/install/fyp_autonomous_car/share/ament_index/resource_index/packages
[0.422s] copying package.xml -> /home/tudor/Desktop/fyp/src/install/fyp_autonomous_car/share/fyp_autonomous_car
[0.422s] creating /home/tudor/Desktop/fyp/src/install/fyp_autonomous_car/share/fyp_autonomous_car/launch
[0.422s] copying launch/gazebo.launch.py -> /home/tudor/Desktop/fyp/src/install/fyp_autonomous_car/share/fyp_autonomous_car/launch
[0.423s] copying launch/testingLaneDetection.launch.py -> /home/tudor/Desktop/fyp/src/install/fyp_autonomous_car/share/fyp_autonomous_car/launch
[0.423s] creating /home/tudor/Desktop/fyp/src/install/fyp_autonomous_car/share/fyp_autonomous_car/worlds
[0.423s] copying worlds/world_fyp.world -> /home/tudor/Desktop/fyp/src/install/fyp_autonomous_car/share/fyp_autonomous_car/worlds
[0.423s] running install_egg_info
[0.423s] Copying ../build/fyp_autonomous_car/fyp_autonomous_car.egg-info to /home/tudor/Desktop/fyp/src/install/fyp_autonomous_car/lib/python3.10/site-packages/fyp_autonomous_car-0.0.0-py3.10.egg-info
[0.423s] running install_scripts
[0.433s] Installing carVision_node script to /home/tudor/Desktop/fyp/src/install/fyp_autonomous_car/lib/fyp_autonomous_car
[0.433s] Installing driving_node script to /home/tudor/Desktop/fyp/src/install/fyp_autonomous_car/lib/fyp_autonomous_car
[0.434s] Installing videoOutput_node script to /home/tudor/Desktop/fyp/src/install/fyp_autonomous_car/lib/fyp_autonomous_car
[0.434s] writing list of installed files to '/home/tudor/Desktop/fyp/src/build/fyp_autonomous_car/install.log'
[0.449s] Invoked command in '/home/tudor/Desktop/fyp/src/fyp_autonomous_car' returned '0': PYTHONPATH=/home/tudor/Desktop/fyp/src/build/fyp_autonomous_car/prefix_override:/usr/lib/python3/dist-packages/colcon_core/task/python/colcon_distutils_commands:/home/tudor/Desktop/fyp/src/install/fyp_autonomous_car/lib/python3.10/site-packages:${PYTHONPATH} /usr/bin/python3 -W ignore:setup.py install is deprecated -W ignore:easy_install command is deprecated setup.py egg_info --egg-base ../build/fyp_autonomous_car build --build-base /home/tudor/Desktop/fyp/src/build/fyp_autonomous_car/build install --record /home/tudor/Desktop/fyp/src/build/fyp_autonomous_car/install.log --single-version-externally-managed install_data
